{"/Users/sunya/Sites/aerian-site-rebuild/src/components/Block/Block.tsx": {"path":"/Users/sunya/Sites/aerian-site-rebuild/src/components/Block/Block.tsx","statementMap":{"0":{"start":{"line":1,"column":0},"end":{"line":1,"column":30}},"1":{"start":{"line":3,"column":0},"end":{"line":3,"column":38}},"2":{"start":{"line":10,"column":13},"end":{"line":14,"column":2}},"3":{"start":{"line":11,"column":4},"end":{"line":13,"column":10}},"4":{"start":{"line":15,"column":0},"end":{"line":15,"column":21}}},"fnMap":{"0":{"name":"(anonymous_1)","decl":{"start":{"line":10,"column":39},"end":{"line":10,"column":40}},"loc":{"start":{"line":11,"column":4},"end":{"line":13,"column":10}}}},"branchMap":{},"s":{"0":2,"1":2,"2":2,"3":4,"4":2},"f":{"0":4},"b":{}}
,"/Users/sunya/Sites/aerian-site-rebuild/src/components/Block/index.ts": {"path":"/Users/sunya/Sites/aerian-site-rebuild/src/components/Block/index.ts","statementMap":{"0":{"start":{"line":1,"column":0},"end":{"line":1,"column":31}},"1":{"start":{"line":1,"column":9},"end":{"line":1,"column":14}}},"fnMap":{},"branchMap":{},"s":{"0":2,"1":2},"f":{},"b":{}}
,"/Users/sunya/Sites/aerian-site-rebuild/src/components/BlockHeader/BlockHeader.tsx": {"path":"/Users/sunya/Sites/aerian-site-rebuild/src/components/BlockHeader/BlockHeader.tsx","statementMap":{"0":{"start":{"line":1,"column":0},"end":{"line":1,"column":30}},"1":{"start":{"line":3,"column":0},"end":{"line":3,"column":44}},"2":{"start":{"line":12,"column":13},"end":{"line":22,"column":2}},"3":{"start":{"line":18,"column":4},"end":{"line":21,"column":10}},"4":{"start":{"line":23,"column":0},"end":{"line":23,"column":27}}},"fnMap":{"0":{"name":"(anonymous_1)","decl":{"start":{"line":12,"column":45},"end":{"line":12,"column":46}},"loc":{"start":{"line":18,"column":4},"end":{"line":21,"column":10}}}},"branchMap":{},"s":{"0":2,"1":2,"2":2,"3":2,"4":2},"f":{"0":2},"b":{}}
,"/Users/sunya/Sites/aerian-site-rebuild/src/components/BlockHeader/index.ts": {"path":"/Users/sunya/Sites/aerian-site-rebuild/src/components/BlockHeader/index.ts","statementMap":{"0":{"start":{"line":1,"column":0},"end":{"line":1,"column":43}},"1":{"start":{"line":1,"column":9},"end":{"line":1,"column":20}}},"fnMap":{},"branchMap":{},"s":{"0":2,"1":2},"f":{},"b":{}}
,"/Users/sunya/Sites/aerian-site-rebuild/src/components/Card/Card.tsx": {"path":"/Users/sunya/Sites/aerian-site-rebuild/src/components/Card/Card.tsx","statementMap":{"0":{"start":{"line":1,"column":0},"end":{"line":1,"column":30}},"1":{"start":{"line":3,"column":0},"end":{"line":3,"column":37}},"2":{"start":{"line":15,"column":11},"end":{"line":17,"column":6}},"3":{"start":{"line":19,"column":11},"end":{"line":19,"column":70}},"4":{"start":{"line":19,"column":46},"end":{"line":19,"column":70}},"5":{"start":{"line":22,"column":8},"end":{"line":33,"column":10}},"6":{"start":{"line":14,"column":0},"end":{"line":35,"column":1}},"7":{"start":{"line":36,"column":0},"end":{"line":36,"column":20}}},"fnMap":{"0":{"name":"(anonymous_1)","decl":{"start":{"line":14,"column":0},"end":{"line":null,"column":-1}},"loc":{"start":{"line":14,"column":0},"end":{"line":35,"column":1}}},"1":{"name":"(anonymous_2)","decl":{"start":{"line":19,"column":24},"end":{"line":19,"column":25}},"loc":{"start":{"line":19,"column":46},"end":{"line":19,"column":70}}},"2":{"name":"(anonymous_3)","decl":{"start":{"line":21,"column":11},"end":{"line":21,"column":16}},"loc":{"start":{"line":21,"column":17},"end":{"line":34,"column":5}}}},"branchMap":{"0":{"loc":{"start":{"line":27,"column":41},"end":{"line":27,"column":55}},"type":"cond-expr","locations":[{"start":{"line":27,"column":41},"end":{"line":27,"column":55}},{"start":{"line":27,"column":58},"end":{"line":27,"column":60}}]}},"s":{"0":2,"1":2,"2":2,"3":2,"4":0,"5":2,"6":2,"7":2},"f":{"0":2,"1":0,"2":2},"b":{"0":[0,2]}}
,"/Users/sunya/Sites/aerian-site-rebuild/src/components/Card/index.ts": {"path":"/Users/sunya/Sites/aerian-site-rebuild/src/components/Card/index.ts","statementMap":{"0":{"start":{"line":1,"column":0},"end":{"line":1,"column":29}},"1":{"start":{"line":1,"column":9},"end":{"line":1,"column":13}}},"fnMap":{},"branchMap":{},"s":{"0":2,"1":2},"f":{},"b":{}}
,"/Users/sunya/Sites/aerian-site-rebuild/src/components/CaseStudyIntro/CaseStudyIntro.tsx": {"path":"/Users/sunya/Sites/aerian-site-rebuild/src/components/CaseStudyIntro/CaseStudyIntro.tsx","statementMap":{"0":{"start":{"line":1,"column":0},"end":{"line":1,"column":30}},"1":{"start":{"line":2,"column":0},"end":{"line":2,"column":37}},"2":{"start":{"line":4,"column":0},"end":{"line":4,"column":47}},"3":{"start":{"line":12,"column":13},"end":{"line":23,"column":2}},"4":{"start":{"line":17,"column":4},"end":{"line":22,"column":10}},"5":{"start":{"line":24,"column":0},"end":{"line":24,"column":30}}},"fnMap":{"0":{"name":"(anonymous_2)","decl":{"start":{"line":12,"column":48},"end":{"line":12,"column":49}},"loc":{"start":{"line":17,"column":4},"end":{"line":22,"column":10}}}},"branchMap":{},"s":{"0":1,"1":1,"2":1,"3":1,"4":1,"5":1},"f":{"0":1},"b":{}}
,"/Users/sunya/Sites/aerian-site-rebuild/src/components/CaseStudyIntro/index.ts": {"path":"/Users/sunya/Sites/aerian-site-rebuild/src/components/CaseStudyIntro/index.ts","statementMap":{"0":{"start":{"line":1,"column":0},"end":{"line":1,"column":49}},"1":{"start":{"line":1,"column":9},"end":{"line":1,"column":23}}},"fnMap":{},"branchMap":{},"s":{"0":1,"1":1},"f":{},"b":{}}
,"/Users/sunya/Sites/aerian-site-rebuild/src/components/ClientGridBlock/ClientGridBlock.tsx": {"path":"/Users/sunya/Sites/aerian-site-rebuild/src/components/ClientGridBlock/ClientGridBlock.tsx","statementMap":{"0":{"start":{"line":1,"column":0},"end":{"line":1,"column":30}},"1":{"start":{"line":4,"column":0},"end":{"line":4,"column":50}},"2":{"start":{"line":5,"column":0},"end":{"line":5,"column":48}},"3":{"start":{"line":13,"column":13},"end":{"line":23,"column":2}},"4":{"start":{"line":18,"column":4},"end":{"line":22,"column":10}},"5":{"start":{"line":20,"column":12},"end":{"line":20,"column":64}},"6":{"start":{"line":24,"column":0},"end":{"line":24,"column":31}}},"fnMap":{"0":{"name":"(anonymous_1)","decl":{"start":{"line":13,"column":49},"end":{"line":13,"column":50}},"loc":{"start":{"line":18,"column":4},"end":{"line":22,"column":10}}},"1":{"name":"(anonymous_2)","decl":{"start":{"line":19,"column":21},"end":{"line":19,"column":26}},"loc":{"start":{"line":20,"column":12},"end":{"line":20,"column":64}}}},"branchMap":{},"s":{"0":1,"1":1,"2":1,"3":1,"4":1,"5":1,"6":1},"f":{"0":1,"1":1},"b":{}}
,"/Users/sunya/Sites/aerian-site-rebuild/src/components/ClientGridBlock/index.ts": {"path":"/Users/sunya/Sites/aerian-site-rebuild/src/components/ClientGridBlock/index.ts","statementMap":{"0":{"start":{"line":1,"column":0},"end":{"line":1,"column":51}},"1":{"start":{"line":1,"column":9},"end":{"line":1,"column":24}}},"fnMap":{},"branchMap":{},"s":{"0":1,"1":1},"f":{},"b":{}}
,"/Users/sunya/Sites/aerian-site-rebuild/src/components/ClientGridItem/ClientGridItem.tsx": {"path":"/Users/sunya/Sites/aerian-site-rebuild/src/components/ClientGridItem/ClientGridItem.tsx","statementMap":{"0":{"start":{"line":1,"column":0},"end":{"line":1,"column":29}},"1":{"start":{"line":2,"column":0},"end":{"line":2,"column":30}},"2":{"start":{"line":4,"column":0},"end":{"line":4,"column":42}},"3":{"start":{"line":6,"column":0},"end":{"line":6,"column":47}},"4":{"start":{"line":13,"column":13},"end":{"line":27,"column":2}},"5":{"start":{"line":18,"column":4},"end":{"line":26,"column":10}},"6":{"start":{"line":28,"column":0},"end":{"line":28,"column":30}}},"fnMap":{"0":{"name":"(anonymous_1)","decl":{"start":{"line":13,"column":48},"end":{"line":13,"column":49}},"loc":{"start":{"line":18,"column":4},"end":{"line":26,"column":10}}}},"branchMap":{"0":{"loc":{"start":{"line":20,"column":12},"end":{"line":22,"column":19}},"type":"cond-expr","locations":[{"start":{"line":20,"column":12},"end":{"line":22,"column":19}},{"start":{"line":24,"column":12},"end":{"line":24,"column":68}}]}},"s":{"0":2,"1":2,"2":2,"3":2,"4":2,"5":2,"6":2},"f":{"0":2},"b":{"0":[2,0]}}
,"/Users/sunya/Sites/aerian-site-rebuild/src/components/ClientGridItem/index.ts": {"path":"/Users/sunya/Sites/aerian-site-rebuild/src/components/ClientGridItem/index.ts","statementMap":{"0":{"start":{"line":1,"column":0},"end":{"line":1,"column":49}},"1":{"start":{"line":1,"column":9},"end":{"line":1,"column":23}}},"fnMap":{},"branchMap":{},"s":{"0":2,"1":2},"f":{},"b":{}}
,"/Users/sunya/Sites/aerian-site-rebuild/src/components/ClientLogo/ClientLogo.tsx": {"path":"/Users/sunya/Sites/aerian-site-rebuild/src/components/ClientLogo/ClientLogo.tsx","statementMap":{"0":{"start":{"line":1,"column":0},"end":{"line":1,"column":30}},"1":{"start":{"line":3,"column":0},"end":{"line":3,"column":32}},"2":{"start":{"line":4,"column":0},"end":{"line":4,"column":43}},"3":{"start":{"line":12,"column":13},"end":{"line":16,"column":2}},"4":{"start":{"line":13,"column":4},"end":{"line":15,"column":13}},"5":{"start":{"line":17,"column":0},"end":{"line":17,"column":26}}},"fnMap":{"0":{"name":"(anonymous_1)","decl":{"start":{"line":12,"column":44},"end":{"line":12,"column":45}},"loc":{"start":{"line":13,"column":4},"end":{"line":15,"column":13}}}},"branchMap":{},"s":{"0":3,"1":3,"2":3,"3":3,"4":3,"5":3},"f":{"0":3},"b":{}}
,"/Users/sunya/Sites/aerian-site-rebuild/src/components/ClientLogo/index.ts": {"path":"/Users/sunya/Sites/aerian-site-rebuild/src/components/ClientLogo/index.ts","statementMap":{"0":{"start":{"line":1,"column":0},"end":{"line":1,"column":41}},"1":{"start":{"line":1,"column":9},"end":{"line":1,"column":19}}},"fnMap":{},"branchMap":{},"s":{"0":3,"1":3},"f":{},"b":{}}
,"/Users/sunya/Sites/aerian-site-rebuild/src/components/ContactDetails/ContactDetails.tsx": {"path":"/Users/sunya/Sites/aerian-site-rebuild/src/components/ContactDetails/ContactDetails.tsx","statementMap":{"0":{"start":{"line":1,"column":0},"end":{"line":1,"column":30}},"1":{"start":{"line":3,"column":0},"end":{"line":3,"column":47}},"2":{"start":{"line":15,"column":13},"end":{"line":65,"column":2}},"3":{"start":{"line":24,"column":4},"end":{"line":64,"column":10}},"4":{"start":{"line":67,"column":0},"end":{"line":67,"column":30}}},"fnMap":{"0":{"name":"(anonymous_1)","decl":{"start":{"line":15,"column":48},"end":{"line":15,"column":49}},"loc":{"start":{"line":24,"column":4},"end":{"line":64,"column":10}}}},"branchMap":{"0":{"loc":{"start":{"line":30,"column":9},"end":{"line":30,"column":20}},"type":"binary-expr","locations":[{"start":{"line":30,"column":9},"end":{"line":30,"column":20}},{"start":{"line":31,"column":12},"end":{"line":33,"column":16}}]},"1":{"loc":{"start":{"line":35,"column":10},"end":{"line":35,"column":16}},"type":"binary-expr","locations":[{"start":{"line":35,"column":10},"end":{"line":35,"column":16}},{"start":{"line":35,"column":20},"end":{"line":35,"column":28}},{"start":{"line":35,"column":32},"end":{"line":35,"column":38}},{"start":{"line":35,"column":42},"end":{"line":35,"column":50}},{"start":{"line":36,"column":12},"end":{"line":62,"column":16}}]},"2":{"loc":{"start":{"line":42,"column":17},"end":{"line":42,"column":23}},"type":"binary-expr","locations":[{"start":{"line":42,"column":17},"end":{"line":42,"column":23}},{"start":{"line":43,"column":20},"end":{"line":45,"column":27}}]},"3":{"loc":{"start":{"line":47,"column":17},"end":{"line":47,"column":25}},"type":"binary-expr","locations":[{"start":{"line":47,"column":17},"end":{"line":47,"column":25}},{"start":{"line":48,"column":20},"end":{"line":50,"column":27}}]},"4":{"loc":{"start":{"line":52,"column":17},"end":{"line":52,"column":23}},"type":"binary-expr","locations":[{"start":{"line":52,"column":17},"end":{"line":52,"column":23}},{"start":{"line":53,"column":20},"end":{"line":55,"column":27}}]},"5":{"loc":{"start":{"line":57,"column":17},"end":{"line":57,"column":25}},"type":"binary-expr","locations":[{"start":{"line":57,"column":17},"end":{"line":57,"column":25}},{"start":{"line":58,"column":20},"end":{"line":60,"column":27}}]}},"s":{"0":1,"1":1,"2":1,"3":1,"4":1},"f":{"0":1},"b":{"0":[1,1],"1":[1,0,0,0,1],"2":[1,1],"3":[1,1],"4":[1,1],"5":[1,1]}}
,"/Users/sunya/Sites/aerian-site-rebuild/src/components/ContactDetails/index.ts": {"path":"/Users/sunya/Sites/aerian-site-rebuild/src/components/ContactDetails/index.ts","statementMap":{"0":{"start":{"line":1,"column":0},"end":{"line":1,"column":49}},"1":{"start":{"line":1,"column":9},"end":{"line":1,"column":23}}},"fnMap":{},"branchMap":{},"s":{"0":1,"1":1},"f":{},"b":{}}
,"/Users/sunya/Sites/aerian-site-rebuild/src/components/ContactForm/ContactForm.tsx": {"path":"/Users/sunya/Sites/aerian-site-rebuild/src/components/ContactForm/ContactForm.tsx","statementMap":{"0":{"start":{"line":1,"column":0},"end":{"line":1,"column":30}},"1":{"start":{"line":3,"column":0},"end":{"line":3,"column":44}},"2":{"start":{"line":13,"column":29},"end":{"line":15,"column":1}},"3":{"start":{"line":18,"column":11},"end":{"line":18,"column":33}},"4":{"start":{"line":21,"column":8},"end":{"line":28,"column":10}},"5":{"start":{"line":17,"column":0},"end":{"line":30,"column":1}},"6":{"start":{"line":31,"column":0},"end":{"line":31,"column":27}}},"fnMap":{"0":{"name":"(anonymous_1)","decl":{"start":{"line":17,"column":0},"end":{"line":null,"column":-1}},"loc":{"start":{"line":17,"column":0},"end":{"line":30,"column":1}}},"1":{"name":"(anonymous_2)","decl":{"start":{"line":20,"column":11},"end":{"line":20,"column":16}},"loc":{"start":{"line":20,"column":17},"end":{"line":29,"column":5}}}},"branchMap":{},"s":{"0":1,"1":1,"2":1,"3":1,"4":1,"5":1,"6":1},"f":{"0":1,"1":1},"b":{}}
,"/Users/sunya/Sites/aerian-site-rebuild/src/components/ContactForm/index.ts": {"path":"/Users/sunya/Sites/aerian-site-rebuild/src/components/ContactForm/index.ts","statementMap":{"0":{"start":{"line":1,"column":0},"end":{"line":1,"column":43}},"1":{"start":{"line":1,"column":9},"end":{"line":1,"column":20}}},"fnMap":{},"branchMap":{},"s":{"0":1,"1":1},"f":{},"b":{}}
,"/Users/sunya/Sites/aerian-site-rebuild/src/components/ContactInfo/ContactInfo.tsx": {"path":"/Users/sunya/Sites/aerian-site-rebuild/src/components/ContactInfo/ContactInfo.tsx","statementMap":{"0":{"start":{"line":1,"column":0},"end":{"line":1,"column":30}},"1":{"start":{"line":3,"column":0},"end":{"line":3,"column":44}},"2":{"start":{"line":11,"column":13},"end":{"line":15,"column":2}},"3":{"start":{"line":12,"column":4},"end":{"line":14,"column":10}},"4":{"start":{"line":16,"column":0},"end":{"line":16,"column":27}}},"fnMap":{"0":{"name":"(anonymous_1)","decl":{"start":{"line":11,"column":45},"end":{"line":11,"column":46}},"loc":{"start":{"line":12,"column":4},"end":{"line":14,"column":10}}}},"branchMap":{},"s":{"0":1,"1":1,"2":1,"3":1,"4":1},"f":{"0":1},"b":{}}
,"/Users/sunya/Sites/aerian-site-rebuild/src/components/ContactInfo/index.ts": {"path":"/Users/sunya/Sites/aerian-site-rebuild/src/components/ContactInfo/index.ts","statementMap":{"0":{"start":{"line":1,"column":0},"end":{"line":1,"column":43}},"1":{"start":{"line":1,"column":9},"end":{"line":1,"column":20}}},"fnMap":{},"branchMap":{},"s":{"0":1,"1":1},"f":{},"b":{}}
,"/Users/sunya/Sites/aerian-site-rebuild/src/components/Gallery/Gallery.tsx": {"path":"/Users/sunya/Sites/aerian-site-rebuild/src/components/Gallery/Gallery.tsx","statementMap":{"0":{"start":{"line":1,"column":0},"end":{"line":1,"column":30}},"1":{"start":{"line":3,"column":0},"end":{"line":3,"column":40}},"2":{"start":{"line":4,"column":0},"end":{"line":4,"column":32}},"3":{"start":{"line":5,"column":0},"end":{"line":5,"column":40}},"4":{"start":{"line":13,"column":13},"end":{"line":24,"column":2}},"5":{"start":{"line":14,"column":4},"end":{"line":23,"column":16}},"6":{"start":{"line":16,"column":12},"end":{"line":21,"column":14}},"7":{"start":{"line":25,"column":0},"end":{"line":25,"column":23}}},"fnMap":{"0":{"name":"(anonymous_1)","decl":{"start":{"line":13,"column":41},"end":{"line":13,"column":42}},"loc":{"start":{"line":14,"column":4},"end":{"line":23,"column":16}}},"1":{"name":"(anonymous_2)","decl":{"start":{"line":15,"column":21},"end":{"line":15,"column":22}},"loc":{"start":{"line":16,"column":12},"end":{"line":21,"column":14}}}},"branchMap":{},"s":{"0":1,"1":1,"2":1,"3":1,"4":1,"5":1,"6":4,"7":1},"f":{"0":1,"1":4},"b":{}}
,"/Users/sunya/Sites/aerian-site-rebuild/src/components/Gallery/index.ts": {"path":"/Users/sunya/Sites/aerian-site-rebuild/src/components/Gallery/index.ts","statementMap":{"0":{"start":{"line":1,"column":0},"end":{"line":1,"column":35}},"1":{"start":{"line":1,"column":9},"end":{"line":1,"column":16}}},"fnMap":{},"branchMap":{},"s":{"0":1,"1":1},"f":{},"b":{}}
,"/Users/sunya/Sites/aerian-site-rebuild/src/components/GroupFour/GroupFour.tsx": {"path":"/Users/sunya/Sites/aerian-site-rebuild/src/components/GroupFour/GroupFour.tsx","statementMap":{"0":{"start":{"line":1,"column":0},"end":{"line":1,"column":30}},"1":{"start":{"line":3,"column":0},"end":{"line":3,"column":42}},"2":{"start":{"line":10,"column":13},"end":{"line":14,"column":2}},"3":{"start":{"line":11,"column":4},"end":{"line":13,"column":10}},"4":{"start":{"line":15,"column":0},"end":{"line":15,"column":25}}},"fnMap":{"0":{"name":"(anonymous_1)","decl":{"start":{"line":10,"column":43},"end":{"line":10,"column":44}},"loc":{"start":{"line":11,"column":4},"end":{"line":13,"column":10}}}},"branchMap":{},"s":{"0":4,"1":4,"2":4,"3":4,"4":4},"f":{"0":4},"b":{}}
,"/Users/sunya/Sites/aerian-site-rebuild/src/components/GroupFour/index.ts": {"path":"/Users/sunya/Sites/aerian-site-rebuild/src/components/GroupFour/index.ts","statementMap":{"0":{"start":{"line":1,"column":0},"end":{"line":1,"column":39}},"1":{"start":{"line":1,"column":9},"end":{"line":1,"column":18}}},"fnMap":{},"branchMap":{},"s":{"0":4,"1":4},"f":{},"b":{}}
,"/Users/sunya/Sites/aerian-site-rebuild/src/components/GroupThree/GroupThree.tsx": {"path":"/Users/sunya/Sites/aerian-site-rebuild/src/components/GroupThree/GroupThree.tsx","statementMap":{"0":{"start":{"line":1,"column":0},"end":{"line":1,"column":30}},"1":{"start":{"line":3,"column":0},"end":{"line":3,"column":43}},"2":{"start":{"line":10,"column":13},"end":{"line":14,"column":2}},"3":{"start":{"line":11,"column":4},"end":{"line":13,"column":10}},"4":{"start":{"line":15,"column":0},"end":{"line":15,"column":26}}},"fnMap":{"0":{"name":"(anonymous_1)","decl":{"start":{"line":10,"column":44},"end":{"line":10,"column":45}},"loc":{"start":{"line":11,"column":4},"end":{"line":13,"column":10}}}},"branchMap":{},"s":{"0":3,"1":3,"2":3,"3":3,"4":3},"f":{"0":3},"b":{}}
,"/Users/sunya/Sites/aerian-site-rebuild/src/components/GroupThree/index.ts": {"path":"/Users/sunya/Sites/aerian-site-rebuild/src/components/GroupThree/index.ts","statementMap":{"0":{"start":{"line":1,"column":0},"end":{"line":1,"column":41}},"1":{"start":{"line":1,"column":9},"end":{"line":1,"column":19}}},"fnMap":{},"branchMap":{},"s":{"0":3,"1":3},"f":{},"b":{}}
,"/Users/sunya/Sites/aerian-site-rebuild/src/components/HalfBlock/HalfBlock.tsx": {"path":"/Users/sunya/Sites/aerian-site-rebuild/src/components/HalfBlock/HalfBlock.tsx","statementMap":{"0":{"start":{"line":1,"column":0},"end":{"line":1,"column":30}},"1":{"start":{"line":3,"column":0},"end":{"line":3,"column":42}},"2":{"start":{"line":10,"column":13},"end":{"line":14,"column":2}},"3":{"start":{"line":11,"column":4},"end":{"line":13,"column":10}},"4":{"start":{"line":15,"column":0},"end":{"line":15,"column":25}}},"fnMap":{"0":{"name":"(anonymous_1)","decl":{"start":{"line":10,"column":43},"end":{"line":10,"column":44}},"loc":{"start":{"line":11,"column":4},"end":{"line":13,"column":10}}}},"branchMap":{},"s":{"0":1,"1":1,"2":1,"3":1,"4":1},"f":{"0":1},"b":{}}
,"/Users/sunya/Sites/aerian-site-rebuild/src/components/HalfBlock/index.ts": {"path":"/Users/sunya/Sites/aerian-site-rebuild/src/components/HalfBlock/index.ts","statementMap":{"0":{"start":{"line":1,"column":0},"end":{"line":1,"column":39}},"1":{"start":{"line":1,"column":9},"end":{"line":1,"column":18}}},"fnMap":{},"branchMap":{},"s":{"0":1,"1":1},"f":{},"b":{}}
,"/Users/sunya/Sites/aerian-site-rebuild/src/components/HurdleBlock/HurdleBlock.tsx": {"path":"/Users/sunya/Sites/aerian-site-rebuild/src/components/HurdleBlock/HurdleBlock.tsx","statementMap":{"0":{"start":{"line":1,"column":0},"end":{"line":1,"column":30}},"1":{"start":{"line":2,"column":0},"end":{"line":2,"column":37}},"2":{"start":{"line":4,"column":0},"end":{"line":4,"column":32}},"3":{"start":{"line":5,"column":0},"end":{"line":5,"column":44}},"4":{"start":{"line":12,"column":13},"end":{"line":18,"column":2}},"5":{"start":{"line":13,"column":4},"end":{"line":17,"column":10}},"6":{"start":{"line":19,"column":0},"end":{"line":19,"column":27}}},"fnMap":{"0":{"name":"(anonymous_2)","decl":{"start":{"line":12,"column":45},"end":{"line":12,"column":46}},"loc":{"start":{"line":13,"column":4},"end":{"line":17,"column":10}}}},"branchMap":{},"s":{"0":2,"1":2,"2":2,"3":2,"4":2,"5":4,"6":2},"f":{"0":4},"b":{}}
,"/Users/sunya/Sites/aerian-site-rebuild/src/components/HurdleBlock/index.ts": {"path":"/Users/sunya/Sites/aerian-site-rebuild/src/components/HurdleBlock/index.ts","statementMap":{"0":{"start":{"line":1,"column":0},"end":{"line":1,"column":43}},"1":{"start":{"line":1,"column":9},"end":{"line":1,"column":20}}},"fnMap":{},"branchMap":{},"s":{"0":2,"1":2},"f":{},"b":{}}
,"/Users/sunya/Sites/aerian-site-rebuild/src/components/Image/Image.tsx": {"path":"/Users/sunya/Sites/aerian-site-rebuild/src/components/Image/Image.tsx","statementMap":{"0":{"start":{"line":1,"column":0},"end":{"line":1,"column":35}},"1":{"start":{"line":2,"column":0},"end":{"line":2,"column":52}},"2":{"start":{"line":3,"column":0},"end":{"line":3,"column":30}},"3":{"start":{"line":4,"column":0},"end":{"line":4,"column":60}},"4":{"start":{"line":6,"column":0},"end":{"line":6,"column":38}},"5":{"start":{"line":15,"column":12},"end":{"line":22,"column":1}},"6":{"start":{"line":16,"column":35},"end":{"line":16,"column":40}},"7":{"start":{"line":16,"column":23},"end":{"line":16,"column":40}},"8":{"start":{"line":17,"column":4},"end":{"line":21,"column":6}},"9":{"start":{"line":24,"column":13},"end":{"line":49,"column":2}},"10":{"start":{"line":24,"column":48},"end":{"line":24,"column":60}},"11":{"start":{"line":24,"column":50},"end":{"line":24,"column":58}},"12":{"start":{"line":25,"column":4},"end":{"line":27,"column":5}},"13":{"start":{"line":26,"column":8},"end":{"line":26,"column":20}},"14":{"start":{"line":28,"column":4},"end":{"line":36,"column":5}},"15":{"start":{"line":29,"column":27},"end":{"line":29,"column":52}},"16":{"start":{"line":30,"column":8},"end":{"line":32,"column":9}},"17":{"start":{"line":31,"column":12},"end":{"line":31,"column":80}},"18":{"start":{"line":33,"column":8},"end":{"line":35,"column":9}},"19":{"start":{"line":34,"column":12},"end":{"line":34,"column":80}},"20":{"start":{"line":37,"column":21},"end":{"line":37,"column":38}},"21":{"start":{"line":39,"column":4},"end":{"line":44,"column":5}},"22":{"start":{"line":40,"column":8},"end":{"line":42,"column":9}},"23":{"start":{"line":41,"column":12},"end":{"line":41,"column":75}},"24":{"start":{"line":43,"column":8},"end":{"line":43,"column":47}},"25":{"start":{"line":45,"column":4},"end":{"line":47,"column":5}},"26":{"start":{"line":46,"column":8},"end":{"line":46,"column":47}},"27":{"start":{"line":48,"column":4},"end":{"line":48,"column":33}},"28":{"start":{"line":50,"column":0},"end":{"line":50,"column":21}}},"fnMap":{"0":{"name":"(anonymous_3)","decl":{"start":{"line":15,"column":12},"end":{"line":15,"column":13}},"loc":{"start":{"line":15,"column":45},"end":{"line":22,"column":1}}},"1":{"name":"(anonymous_4)","decl":{"start":{"line":24,"column":39},"end":{"line":24,"column":40}},"loc":{"start":{"line":24,"column":64},"end":{"line":49,"column":1}}}},"branchMap":{"0":{"loc":{"start":{"line":25,"column":4},"end":{"line":27,"column":5}},"type":"if","locations":[{"start":{"line":25,"column":4},"end":{"line":27,"column":5}},{"start":{"line":25,"column":4},"end":{"line":27,"column":5}}]},"1":{"loc":{"start":{"line":28,"column":4},"end":{"line":36,"column":5}},"type":"if","locations":[{"start":{"line":28,"column":4},"end":{"line":36,"column":5}},{"start":{"line":28,"column":4},"end":{"line":36,"column":5}}]},"2":{"loc":{"start":{"line":28,"column":8},"end":{"line":28,"column":28}},"type":"binary-expr","locations":[{"start":{"line":28,"column":8},"end":{"line":28,"column":28}},{"start":{"line":28,"column":32},"end":{"line":28,"column":54}}]},"3":{"loc":{"start":{"line":30,"column":8},"end":{"line":32,"column":9}},"type":"if","locations":[{"start":{"line":30,"column":8},"end":{"line":32,"column":9}},{"start":{"line":30,"column":8},"end":{"line":32,"column":9}}]},"4":{"loc":{"start":{"line":33,"column":8},"end":{"line":35,"column":9}},"type":"if","locations":[{"start":{"line":33,"column":8},"end":{"line":35,"column":9}},{"start":{"line":33,"column":8},"end":{"line":35,"column":9}}]},"5":{"loc":{"start":{"line":39,"column":4},"end":{"line":44,"column":5}},"type":"if","locations":[{"start":{"line":39,"column":4},"end":{"line":44,"column":5}},{"start":{"line":39,"column":4},"end":{"line":44,"column":5}}]},"6":{"loc":{"start":{"line":39,"column":8},"end":{"line":39,"column":26}},"type":"binary-expr","locations":[{"start":{"line":39,"column":8},"end":{"line":39,"column":26}},{"start":{"line":39,"column":30},"end":{"line":39,"column":50}}]},"7":{"loc":{"start":{"line":40,"column":8},"end":{"line":42,"column":9}},"type":"if","locations":[{"start":{"line":40,"column":8},"end":{"line":42,"column":9}},{"start":{"line":40,"column":8},"end":{"line":42,"column":9}}]},"8":{"loc":{"start":{"line":45,"column":4},"end":{"line":47,"column":5}},"type":"if","locations":[{"start":{"line":45,"column":4},"end":{"line":47,"column":5}},{"start":{"line":45,"column":4},"end":{"line":47,"column":5}}]}},"s":{"0":11,"1":11,"2":11,"3":11,"4":11,"5":11,"6":24,"7":24,"8":24,"9":11,"10":24,"11":24,"12":24,"13":0,"14":24,"15":0,"16":0,"17":0,"18":0,"19":0,"20":24,"21":24,"22":0,"23":0,"24":0,"25":24,"26":0,"27":24,"28":11},"f":{"0":24,"1":24},"b":{"0":[0,24],"1":[0,24],"2":[24,0],"3":[0,0],"4":[0,0],"5":[0,24],"6":[24,24],"7":[0,0],"8":[0,24]}}
,"/Users/sunya/Sites/aerian-site-rebuild/src/components/Image/index.ts": {"path":"/Users/sunya/Sites/aerian-site-rebuild/src/components/Image/index.ts","statementMap":{"0":{"start":{"line":1,"column":0},"end":{"line":1,"column":31}},"1":{"start":{"line":1,"column":9},"end":{"line":1,"column":14}}},"fnMap":{},"branchMap":{},"s":{"0":11,"1":11},"f":{},"b":{}}
,"/Users/sunya/Sites/aerian-site-rebuild/src/components/MainNavigation/MainNavigation.tsx": {"path":"/Users/sunya/Sites/aerian-site-rebuild/src/components/MainNavigation/MainNavigation.tsx","statementMap":{"0":{"start":{"line":1,"column":0},"end":{"line":1,"column":29}},"1":{"start":{"line":2,"column":0},"end":{"line":2,"column":30}},"2":{"start":{"line":5,"column":0},"end":{"line":5,"column":47}},"3":{"start":{"line":16,"column":21},"end":{"line":41,"column":1}},"4":{"start":{"line":24,"column":4},"end":{"line":40,"column":6}},"5":{"start":{"line":43,"column":23},"end":{"line":59,"column":1}},"6":{"start":{"line":48,"column":4},"end":{"line":58,"column":7}},"7":{"start":{"line":49,"column":36},"end":{"line":49,"column":45}},"8":{"start":{"line":51,"column":8},"end":{"line":57,"column":10}},"9":{"start":{"line":61,"column":13},"end":{"line":83,"column":2}},"10":{"start":{"line":69,"column":8},"end":{"line":69,"column":13}},"11":{"start":{"line":71,"column":4},"end":{"line":82,"column":6}},"12":{"start":{"line":84,"column":0},"end":{"line":84,"column":30}}},"fnMap":{"0":{"name":"(anonymous_1)","decl":{"start":{"line":16,"column":21},"end":{"line":17,"column":4}},"loc":{"start":{"line":23,"column":4},"end":{"line":41,"column":1}}},"1":{"name":"(anonymous_2)","decl":{"start":{"line":43,"column":23},"end":{"line":44,"column":4}},"loc":{"start":{"line":47,"column":4},"end":{"line":59,"column":1}}},"2":{"name":"(anonymous_3)","decl":{"start":{"line":48,"column":21},"end":{"line":48,"column":22}},"loc":{"start":{"line":48,"column":44},"end":{"line":58,"column":5}}},"3":{"name":"(anonymous_4)","decl":{"start":{"line":61,"column":48},"end":{"line":61,"column":52}},"loc":{"start":{"line":61,"column":56},"end":{"line":83,"column":1}}}},"branchMap":{"0":{"loc":{"start":{"line":25,"column":8},"end":{"line":25,"column":12}},"type":"binary-expr","locations":[{"start":{"line":25,"column":8},"end":{"line":25,"column":12}},{"start":{"line":26,"column":12},"end":{"line":38,"column":19}}]},"1":{"loc":{"start":{"line":79,"column":18},"end":{"line":79,"column":75}},"type":"cond-expr","locations":[{"start":{"line":79,"column":18},"end":{"line":79,"column":75}},{"start":{"line":80,"column":18},"end":{"line":80,"column":22}}]}},"s":{"0":1,"1":1,"2":1,"3":1,"4":2,"5":1,"6":1,"7":2,"8":2,"9":1,"10":1,"11":1,"12":1},"f":{"0":2,"1":1,"2":2,"3":1},"b":{"0":[2,2],"1":[1,0]}}
,"/Users/sunya/Sites/aerian-site-rebuild/src/components/MainNavigation/index.ts": {"path":"/Users/sunya/Sites/aerian-site-rebuild/src/components/MainNavigation/index.ts","statementMap":{"0":{"start":{"line":1,"column":0},"end":{"line":1,"column":49}},"1":{"start":{"line":1,"column":9},"end":{"line":1,"column":23}}},"fnMap":{},"branchMap":{},"s":{"0":1,"1":1},"f":{},"b":{}}
,"/Users/sunya/Sites/aerian-site-rebuild/src/components/OnwardJournies/OnwardJournies.tsx": {"path":"/Users/sunya/Sites/aerian-site-rebuild/src/components/OnwardJournies/OnwardJournies.tsx","statementMap":{"0":{"start":{"line":1,"column":0},"end":{"line":1,"column":29}},"1":{"start":{"line":2,"column":0},"end":{"line":2,"column":30}},"2":{"start":{"line":3,"column":0},"end":{"line":3,"column":47}},"3":{"start":{"line":11,"column":13},"end":{"line":26,"column":2}},"4":{"start":{"line":16,"column":4},"end":{"line":25,"column":10}},"5":{"start":{"line":27,"column":0},"end":{"line":27,"column":30}}},"fnMap":{"0":{"name":"(anonymous_1)","decl":{"start":{"line":11,"column":48},"end":{"line":11,"column":49}},"loc":{"start":{"line":16,"column":4},"end":{"line":25,"column":10}}}},"branchMap":{},"s":{"0":1,"1":1,"2":1,"3":1,"4":1,"5":1},"f":{"0":1},"b":{}}
,"/Users/sunya/Sites/aerian-site-rebuild/src/components/OnwardJournies/index.ts": {"path":"/Users/sunya/Sites/aerian-site-rebuild/src/components/OnwardJournies/index.ts","statementMap":{"0":{"start":{"line":1,"column":0},"end":{"line":1,"column":49}},"1":{"start":{"line":1,"column":9},"end":{"line":1,"column":23}}},"fnMap":{},"branchMap":{},"s":{"0":1,"1":1},"f":{},"b":{}}
,"/Users/sunya/Sites/aerian-site-rebuild/src/components/PageFooter/PageFooter.tsx": {"path":"/Users/sunya/Sites/aerian-site-rebuild/src/components/PageFooter/PageFooter.tsx","statementMap":{"0":{"start":{"line":1,"column":0},"end":{"line":1,"column":30}},"1":{"start":{"line":3,"column":0},"end":{"line":3,"column":43}},"2":{"start":{"line":9,"column":13},"end":{"line":20,"column":2}},"3":{"start":{"line":14,"column":4},"end":{"line":19,"column":13}},"4":{"start":{"line":21,"column":0},"end":{"line":21,"column":26}}},"fnMap":{"0":{"name":"(anonymous_1)","decl":{"start":{"line":9,"column":44},"end":{"line":9,"column":45}},"loc":{"start":{"line":14,"column":4},"end":{"line":19,"column":13}}}},"branchMap":{},"s":{"0":1,"1":1,"2":1,"3":1,"4":1},"f":{"0":1},"b":{}}
,"/Users/sunya/Sites/aerian-site-rebuild/src/components/PageFooter/index.ts": {"path":"/Users/sunya/Sites/aerian-site-rebuild/src/components/PageFooter/index.ts","statementMap":{"0":{"start":{"line":1,"column":0},"end":{"line":1,"column":41}},"1":{"start":{"line":1,"column":9},"end":{"line":1,"column":19}}},"fnMap":{},"branchMap":{},"s":{"0":1,"1":1},"f":{},"b":{}}
,"/Users/sunya/Sites/aerian-site-rebuild/src/components/PageHeader/PageHeader.tsx": {"path":"/Users/sunya/Sites/aerian-site-rebuild/src/components/PageHeader/PageHeader.tsx","statementMap":{"0":{"start":{"line":1,"column":0},"end":{"line":1,"column":30}},"1":{"start":{"line":3,"column":0},"end":{"line":3,"column":27}},"2":{"start":{"line":10,"column":25},"end":{"line":10,"column":64}},"3":{"start":{"line":12,"column":13},"end":{"line":24,"column":2}},"4":{"start":{"line":17,"column":4},"end":{"line":23,"column":13}}},"fnMap":{"0":{"name":"(anonymous_1)","decl":{"start":{"line":12,"column":44},"end":{"line":12,"column":45}},"loc":{"start":{"line":17,"column":4},"end":{"line":23,"column":13}}}},"branchMap":{"0":{"loc":{"start":{"line":19,"column":15},"end":{"line":19,"column":20}},"type":"binary-expr","locations":[{"start":{"line":19,"column":15},"end":{"line":19,"column":20}},{"start":{"line":19,"column":24},"end":{"line":19,"column":26}}]}},"s":{"0":1,"1":1,"2":1,"3":1,"4":1},"f":{"0":1},"b":{"0":[1,1]}}
,"/Users/sunya/Sites/aerian-site-rebuild/src/components/PageHeader/index.ts": {"path":"/Users/sunya/Sites/aerian-site-rebuild/src/components/PageHeader/index.ts","statementMap":{"0":{"start":{"line":1,"column":0},"end":{"line":1,"column":41}},"1":{"start":{"line":1,"column":9},"end":{"line":1,"column":19}}},"fnMap":{},"branchMap":{},"s":{"0":1,"1":1},"f":{},"b":{}}
,"/Users/sunya/Sites/aerian-site-rebuild/src/components/PageSectionBlock/PageSectionBlock.tsx": {"path":"/Users/sunya/Sites/aerian-site-rebuild/src/components/PageSectionBlock/PageSectionBlock.tsx","statementMap":{"0":{"start":{"line":1,"column":0},"end":{"line":1,"column":30}},"1":{"start":{"line":4,"column":0},"end":{"line":4,"column":32}},"2":{"start":{"line":5,"column":0},"end":{"line":5,"column":32}},"3":{"start":{"line":6,"column":0},"end":{"line":6,"column":56}},"4":{"start":{"line":7,"column":0},"end":{"line":7,"column":49}},"5":{"start":{"line":13,"column":13},"end":{"line":71,"column":2}},"6":{"start":{"line":14,"column":4},"end":{"line":70,"column":7}},"7":{"start":{"line":31,"column":28},"end":{"line":38,"column":31}},"8":{"start":{"line":72,"column":0},"end":{"line":72,"column":32}}},"fnMap":{"0":{"name":"(anonymous_1)","decl":{"start":{"line":13,"column":50},"end":{"line":13,"column":51}},"loc":{"start":{"line":14,"column":4},"end":{"line":70,"column":7}}},"1":{"name":"(anonymous_2)","decl":{"start":{"line":30,"column":47},"end":{"line":30,"column":54}},"loc":{"start":{"line":31,"column":28},"end":{"line":38,"column":31}}}},"branchMap":{"0":{"loc":{"start":{"line":16,"column":40},"end":{"line":16,"column":61}},"type":"cond-expr","locations":[{"start":{"line":16,"column":40},"end":{"line":16,"column":61}},{"start":{"line":16,"column":64},"end":{"line":16,"column":76}}]},"1":{"loc":{"start":{"line":17,"column":17},"end":{"line":17,"column":30}},"type":"binary-expr","locations":[{"start":{"line":17,"column":17},"end":{"line":17,"column":30}},{"start":{"line":18,"column":20},"end":{"line":18,"column":30}},{"start":{"line":19,"column":24},"end":{"line":22,"column":26}}]},"2":{"loc":{"start":{"line":29,"column":21},"end":{"line":29,"column":39}},"type":"binary-expr","locations":[{"start":{"line":29,"column":21},"end":{"line":29,"column":39}},{"start":{"line":30,"column":24},"end":{"line":39,"column":26}}]},"3":{"loc":{"start":{"line":42,"column":17},"end":{"line":42,"column":30}},"type":"binary-expr","locations":[{"start":{"line":42,"column":17},"end":{"line":42,"column":30}},{"start":{"line":43,"column":20},"end":{"line":43,"column":29}},{"start":{"line":44,"column":24},"end":{"line":47,"column":26}}]},"4":{"loc":{"start":{"line":50,"column":13},"end":{"line":50,"column":31}},"type":"binary-expr","locations":[{"start":{"line":50,"column":13},"end":{"line":50,"column":31}},{"start":{"line":51,"column":16},"end":{"line":54,"column":18}}]},"5":{"loc":{"start":{"line":57,"column":9},"end":{"line":57,"column":28}},"type":"binary-expr","locations":[{"start":{"line":57,"column":9},"end":{"line":57,"column":28}},{"start":{"line":59,"column":12},"end":{"line":63,"column":20}}]},"6":{"loc":{"start":{"line":65,"column":9},"end":{"line":65,"column":29}},"type":"binary-expr","locations":[{"start":{"line":65,"column":9},"end":{"line":65,"column":29}},{"start":{"line":66,"column":12},"end":{"line":68,"column":20}}]}},"s":{"0":1,"1":1,"2":1,"3":1,"4":1,"5":1,"6":1,"7":3,"8":1},"f":{"0":1,"1":3},"b":{"0":[0,1],"1":[1,1,1],"2":[1,1],"3":[1,1,0],"4":[1,1],"5":[1,1],"6":[1,1]}}
,"/Users/sunya/Sites/aerian-site-rebuild/src/components/PageSectionBlock/index.ts": {"path":"/Users/sunya/Sites/aerian-site-rebuild/src/components/PageSectionBlock/index.ts","statementMap":{"0":{"start":{"line":1,"column":0},"end":{"line":1,"column":53}},"1":{"start":{"line":1,"column":9},"end":{"line":1,"column":25}}},"fnMap":{},"branchMap":{},"s":{"0":1,"1":1},"f":{},"b":{}}
,"/Users/sunya/Sites/aerian-site-rebuild/src/components/PerformanceBlock/PerformanceBlock.tsx": {"path":"/Users/sunya/Sites/aerian-site-rebuild/src/components/PerformanceBlock/PerformanceBlock.tsx","statementMap":{"0":{"start":{"line":1,"column":0},"end":{"line":1,"column":30}},"1":{"start":{"line":4,"column":0},"end":{"line":4,"column":42}},"2":{"start":{"line":5,"column":0},"end":{"line":5,"column":49}},"3":{"start":{"line":13,"column":13},"end":{"line":30,"column":6}},"4":{"start":{"line":18,"column":4},"end":{"line":30,"column":5}},"5":{"start":{"line":23,"column":20},"end":{"line":26,"column":26}},"6":{"start":{"line":31,"column":0},"end":{"line":31,"column":32}}},"fnMap":{"0":{"name":"(anonymous_1)","decl":{"start":{"line":13,"column":50},"end":{"line":13,"column":51}},"loc":{"start":{"line":18,"column":4},"end":{"line":30,"column":5}}},"1":{"name":"(anonymous_2)","decl":{"start":{"line":22,"column":33},"end":{"line":22,"column":36}},"loc":{"start":{"line":23,"column":20},"end":{"line":26,"column":26}}}},"branchMap":{"0":{"loc":{"start":{"line":18,"column":31},"end":{"line":18,"column":35}},"type":"cond-expr","locations":[{"start":{"line":18,"column":31},"end":{"line":18,"column":35}},{"start":{"line":19,"column":8},"end":{"line":29,"column":14}}]}},"s":{"0":1,"1":1,"2":1,"3":1,"4":1,"5":1,"6":1},"f":{"0":1,"1":1},"b":{"0":[0,1]}}
,"/Users/sunya/Sites/aerian-site-rebuild/src/components/PerformanceBlock/index.ts": {"path":"/Users/sunya/Sites/aerian-site-rebuild/src/components/PerformanceBlock/index.ts","statementMap":{"0":{"start":{"line":1,"column":0},"end":{"line":1,"column":53}},"1":{"start":{"line":1,"column":9},"end":{"line":1,"column":25}}},"fnMap":{},"branchMap":{},"s":{"0":1,"1":1},"f":{},"b":{}}
,"/Users/sunya/Sites/aerian-site-rebuild/src/components/ProjectStageBlock/ProjectStageBlock.tsx": {"path":"/Users/sunya/Sites/aerian-site-rebuild/src/components/ProjectStageBlock/ProjectStageBlock.tsx","statementMap":{"0":{"start":{"line":1,"column":0},"end":{"line":1,"column":30}},"1":{"start":{"line":4,"column":0},"end":{"line":4,"column":44}},"2":{"start":{"line":5,"column":0},"end":{"line":5,"column":42}},"3":{"start":{"line":6,"column":0},"end":{"line":6,"column":44}},"4":{"start":{"line":7,"column":0},"end":{"line":7,"column":50}},"5":{"start":{"line":16,"column":13},"end":{"line":30,"column":2}},"6":{"start":{"line":22,"column":4},"end":{"line":29,"column":10}},"7":{"start":{"line":26,"column":16},"end":{"line":26,"column":66}},"8":{"start":{"line":31,"column":0},"end":{"line":31,"column":33}}},"fnMap":{"0":{"name":"(anonymous_1)","decl":{"start":{"line":16,"column":51},"end":{"line":16,"column":52}},"loc":{"start":{"line":22,"column":4},"end":{"line":29,"column":10}}},"1":{"name":"(anonymous_2)","decl":{"start":{"line":25,"column":38},"end":{"line":25,"column":43}},"loc":{"start":{"line":26,"column":16},"end":{"line":26,"column":66}}}},"branchMap":{},"s":{"0":1,"1":1,"2":1,"3":1,"4":1,"5":1,"6":1,"7":3,"8":1},"f":{"0":1,"1":3},"b":{}}
,"/Users/sunya/Sites/aerian-site-rebuild/src/components/ProjectStageBlock/index.ts": {"path":"/Users/sunya/Sites/aerian-site-rebuild/src/components/ProjectStageBlock/index.ts","statementMap":{"0":{"start":{"line":1,"column":0},"end":{"line":1,"column":55}},"1":{"start":{"line":1,"column":9},"end":{"line":1,"column":26}}},"fnMap":{},"branchMap":{},"s":{"0":1,"1":1},"f":{},"b":{}}
,"/Users/sunya/Sites/aerian-site-rebuild/src/components/SectionNav/SectionNav.tsx": {"path":"/Users/sunya/Sites/aerian-site-rebuild/src/components/SectionNav/SectionNav.tsx","statementMap":{"0":{"start":{"line":1,"column":0},"end":{"line":1,"column":30}},"1":{"start":{"line":4,"column":0},"end":{"line":4,"column":43}},"2":{"start":{"line":14,"column":20},"end":{"line":29,"column":1}},"3":{"start":{"line":19,"column":4},"end":{"line":28,"column":8}},"4":{"start":{"line":24,"column":12},"end":{"line":24,"column":34}},"5":{"start":{"line":31,"column":22},"end":{"line":36,"column":1}},"6":{"start":{"line":34,"column":5},"end":{"line":36,"column":1}},"7":{"start":{"line":35,"column":4},"end":{"line":35,"column":66}},"8":{"start":{"line":38,"column":23},"end":{"line":83,"column":1}},"9":{"start":{"line":43,"column":16},"end":{"line":43,"column":18}},"10":{"start":{"line":44,"column":27},"end":{"line":44,"column":65}},"11":{"start":{"line":47,"column":4},"end":{"line":80,"column":5}},"12":{"start":{"line":48,"column":22},"end":{"line":48,"column":39}},"13":{"start":{"line":49,"column":8},"end":{"line":49,"column":49}},"14":{"start":{"line":51,"column":8},"end":{"line":79,"column":9}},"15":{"start":{"line":53,"column":16},"end":{"line":55,"column":17}},"16":{"start":{"line":54,"column":20},"end":{"line":54,"column":54}},"17":{"start":{"line":56,"column":16},"end":{"line":56,"column":22}},"18":{"start":{"line":58,"column":16},"end":{"line":60,"column":17}},"19":{"start":{"line":59,"column":20},"end":{"line":59,"column":54}},"20":{"start":{"line":61,"column":16},"end":{"line":61,"column":22}},"21":{"start":{"line":63,"column":16},"end":{"line":65,"column":17}},"22":{"start":{"line":64,"column":20},"end":{"line":64,"column":54}},"23":{"start":{"line":66,"column":16},"end":{"line":66,"column":22}},"24":{"start":{"line":68,"column":16},"end":{"line":70,"column":17}},"25":{"start":{"line":69,"column":20},"end":{"line":69,"column":54}},"26":{"start":{"line":71,"column":16},"end":{"line":71,"column":22}},"27":{"start":{"line":73,"column":16},"end":{"line":75,"column":17}},"28":{"start":{"line":74,"column":20},"end":{"line":74,"column":54}},"29":{"start":{"line":76,"column":16},"end":{"line":76,"column":22}},"30":{"start":{"line":78,"column":16},"end":{"line":78,"column":22}},"31":{"start":{"line":82,"column":4},"end":{"line":82,"column":15}},"32":{"start":{"line":85,"column":13},"end":{"line":95,"column":2}},"33":{"start":{"line":92,"column":4},"end":{"line":94,"column":10}},"34":{"start":{"line":96,"column":0},"end":{"line":96,"column":26}}},"fnMap":{"0":{"name":"(anonymous_1)","decl":{"start":{"line":14,"column":20},"end":{"line":15,"column":4}},"loc":{"start":{"line":19,"column":4},"end":{"line":28,"column":8}}},"1":{"name":"(anonymous_2)","decl":{"start":{"line":23,"column":17},"end":{"line":23,"column":19}},"loc":{"start":{"line":23,"column":22},"end":{"line":25,"column":9}}},"2":{"name":"(anonymous_3)","decl":{"start":{"line":31,"column":22},"end":{"line":32,"column":4}},"loc":{"start":{"line":34,"column":5},"end":{"line":36,"column":1}}},"3":{"name":"(anonymous_4)","decl":{"start":{"line":34,"column":5},"end":{"line":34,"column":6}},"loc":{"start":{"line":34,"column":25},"end":{"line":36,"column":1}}},"4":{"name":"(anonymous_5)","decl":{"start":{"line":38,"column":23},"end":{"line":39,"column":4}},"loc":{"start":{"line":42,"column":50},"end":{"line":83,"column":1}}},"5":{"name":"(anonymous_6)","decl":{"start":{"line":85,"column":44},"end":{"line":85,"column":45}},"loc":{"start":{"line":92,"column":4},"end":{"line":94,"column":10}}}},"branchMap":{"0":{"loc":{"start":{"line":52,"column":12},"end":{"line":56,"column":22}},"type":"switch","locations":[{"start":{"line":52,"column":12},"end":{"line":56,"column":22}},{"start":{"line":57,"column":12},"end":{"line":61,"column":22}},{"start":{"line":62,"column":12},"end":{"line":66,"column":22}},{"start":{"line":67,"column":12},"end":{"line":71,"column":22}},{"start":{"line":72,"column":12},"end":{"line":76,"column":22}},{"start":{"line":77,"column":12},"end":{"line":78,"column":22}}]},"1":{"loc":{"start":{"line":53,"column":16},"end":{"line":55,"column":17}},"type":"if","locations":[{"start":{"line":53,"column":16},"end":{"line":55,"column":17}},{"start":{"line":53,"column":16},"end":{"line":55,"column":17}}]},"2":{"loc":{"start":{"line":53,"column":20},"end":{"line":53,"column":31}},"type":"binary-expr","locations":[{"start":{"line":53,"column":20},"end":{"line":53,"column":31}},{"start":{"line":53,"column":35},"end":{"line":53,"column":45}}]},"3":{"loc":{"start":{"line":58,"column":16},"end":{"line":60,"column":17}},"type":"if","locations":[{"start":{"line":58,"column":16},"end":{"line":60,"column":17}},{"start":{"line":58,"column":16},"end":{"line":60,"column":17}}]},"4":{"loc":{"start":{"line":63,"column":16},"end":{"line":65,"column":17}},"type":"if","locations":[{"start":{"line":63,"column":16},"end":{"line":65,"column":17}},{"start":{"line":63,"column":16},"end":{"line":65,"column":17}}]},"5":{"loc":{"start":{"line":68,"column":16},"end":{"line":70,"column":17}},"type":"if","locations":[{"start":{"line":68,"column":16},"end":{"line":70,"column":17}},{"start":{"line":68,"column":16},"end":{"line":70,"column":17}}]},"6":{"loc":{"start":{"line":73,"column":16},"end":{"line":75,"column":17}},"type":"if","locations":[{"start":{"line":73,"column":16},"end":{"line":75,"column":17}},{"start":{"line":73,"column":16},"end":{"line":75,"column":17}}]}},"s":{"0":1,"1":1,"2":1,"3":0,"4":0,"5":1,"6":1,"7":0,"8":1,"9":1,"10":1,"11":1,"12":0,"13":0,"14":0,"15":0,"16":0,"17":0,"18":0,"19":0,"20":0,"21":0,"22":0,"23":0,"24":0,"25":0,"26":0,"27":0,"28":0,"29":0,"30":0,"31":1,"32":1,"33":1,"34":1},"f":{"0":0,"1":0,"2":1,"3":0,"4":1,"5":1},"b":{"0":[0,0,0,0,0,0],"1":[0,0],"2":[0,0],"3":[0,0],"4":[0,0],"5":[0,0],"6":[0,0]}}
,"/Users/sunya/Sites/aerian-site-rebuild/src/components/SectionNav/index.ts": {"path":"/Users/sunya/Sites/aerian-site-rebuild/src/components/SectionNav/index.ts","statementMap":{"0":{"start":{"line":1,"column":0},"end":{"line":1,"column":41}},"1":{"start":{"line":1,"column":9},"end":{"line":1,"column":19}}},"fnMap":{},"branchMap":{},"s":{"0":1,"1":1},"f":{},"b":{}}
,"/Users/sunya/Sites/aerian-site-rebuild/src/components/ShowcaseCarousel/ShowcaseCarousel.tsx": {"path":"/Users/sunya/Sites/aerian-site-rebuild/src/components/ShowcaseCarousel/ShowcaseCarousel.tsx","statementMap":{"0":{"start":{"line":1,"column":0},"end":{"line":1,"column":64}},"1":{"start":{"line":2,"column":0},"end":{"line":2,"column":30}},"2":{"start":{"line":3,"column":0},"end":{"line":3,"column":30}},"3":{"start":{"line":4,"column":0},"end":{"line":4,"column":49}},"4":{"start":{"line":15,"column":29},"end":{"line":17,"column":1}},"5":{"start":{"line":20,"column":11},"end":{"line":20,"column":33}},"6":{"start":{"line":21,"column":11},"end":{"line":21,"column":32}},"7":{"start":{"line":23,"column":11},"end":{"line":27,"column":6}},"8":{"start":{"line":24,"column":8},"end":{"line":26,"column":15}},"9":{"start":{"line":29,"column":11},"end":{"line":34,"column":6}},"10":{"start":{"line":30,"column":24},"end":{"line":30,"column":48}},"11":{"start":{"line":31,"column":8},"end":{"line":33,"column":9}},"12":{"start":{"line":32,"column":12},"end":{"line":32,"column":50}},"13":{"start":{"line":37,"column":8},"end":{"line":57,"column":10}},"14":{"start":{"line":47,"column":20},"end":{"line":54,"column":31}},"15":{"start":{"line":49,"column":40},"end":{"line":49,"column":68}},"16":{"start":{"line":51,"column":42},"end":{"line":51,"column":71}},"17":{"start":{"line":19,"column":0},"end":{"line":59,"column":1}},"18":{"start":{"line":60,"column":0},"end":{"line":60,"column":32}}},"fnMap":{"0":{"name":"(anonymous_2)","decl":{"start":{"line":19,"column":0},"end":{"line":null,"column":-1}},"loc":{"start":{"line":19,"column":0},"end":{"line":59,"column":1}}},"1":{"name":"(anonymous_3)","decl":{"start":{"line":23,"column":24},"end":{"line":23,"column":25}},"loc":{"start":{"line":24,"column":8},"end":{"line":26,"column":15}}},"2":{"name":"(anonymous_4)","decl":{"start":{"line":29,"column":26},"end":{"line":29,"column":27}},"loc":{"start":{"line":29,"column":75},"end":{"line":34,"column":5}}},"3":{"name":"(anonymous_5)","decl":{"start":{"line":36,"column":11},"end":{"line":36,"column":16}},"loc":{"start":{"line":36,"column":17},"end":{"line":58,"column":5}}},"4":{"name":"(anonymous_6)","decl":{"start":{"line":46,"column":41},"end":{"line":46,"column":42}},"loc":{"start":{"line":47,"column":20},"end":{"line":54,"column":31}}},"5":{"name":"(anonymous_7)","decl":{"start":{"line":49,"column":34},"end":{"line":49,"column":35}},"loc":{"start":{"line":49,"column":40},"end":{"line":49,"column":68}}},"6":{"name":"(anonymous_8)","decl":{"start":{"line":51,"column":35},"end":{"line":51,"column":37}},"loc":{"start":{"line":51,"column":42},"end":{"line":51,"column":71}}}},"branchMap":{"0":{"loc":{"start":{"line":31,"column":8},"end":{"line":33,"column":9}},"type":"if","locations":[{"start":{"line":31,"column":8},"end":{"line":33,"column":9}},{"start":{"line":31,"column":8},"end":{"line":33,"column":9}}]},"1":{"loc":{"start":{"line":42,"column":20},"end":{"line":42,"column":38}},"type":"binary-expr","locations":[{"start":{"line":42,"column":20},"end":{"line":42,"column":38}},{"start":{"line":42,"column":42},"end":{"line":42,"column":56}}]}},"s":{"0":1,"1":1,"2":1,"3":1,"4":1,"5":1,"6":1,"7":1,"8":0,"9":1,"10":0,"11":0,"12":0,"13":1,"14":1,"15":0,"16":1,"17":1,"18":1},"f":{"0":1,"1":0,"2":0,"3":1,"4":1,"5":0,"6":1},"b":{"0":[0,0],"1":[1,0]}}
,"/Users/sunya/Sites/aerian-site-rebuild/src/components/ShowcaseCarousel/index.ts": {"path":"/Users/sunya/Sites/aerian-site-rebuild/src/components/ShowcaseCarousel/index.ts","statementMap":{"0":{"start":{"line":1,"column":0},"end":{"line":1,"column":53}},"1":{"start":{"line":1,"column":9},"end":{"line":1,"column":25}}},"fnMap":{},"branchMap":{},"s":{"0":1,"1":1},"f":{},"b":{}}
,"/Users/sunya/Sites/aerian-site-rebuild/src/components/SocialGrid/SocialGrid.tsx": {"path":"/Users/sunya/Sites/aerian-site-rebuild/src/components/SocialGrid/SocialGrid.tsx","statementMap":{"0":{"start":{"line":1,"column":0},"end":{"line":1,"column":30}},"1":{"start":{"line":3,"column":0},"end":{"line":3,"column":43}},"2":{"start":{"line":10,"column":13},"end":{"line":17,"column":2}},"3":{"start":{"line":11,"column":4},"end":{"line":16,"column":7}},"4":{"start":{"line":18,"column":0},"end":{"line":18,"column":26}}},"fnMap":{"0":{"name":"(anonymous_1)","decl":{"start":{"line":10,"column":44},"end":{"line":10,"column":45}},"loc":{"start":{"line":11,"column":4},"end":{"line":16,"column":7}}}},"branchMap":{},"s":{"0":1,"1":1,"2":1,"3":1,"4":1},"f":{"0":1},"b":{}}
,"/Users/sunya/Sites/aerian-site-rebuild/src/components/SocialGrid/index.ts": {"path":"/Users/sunya/Sites/aerian-site-rebuild/src/components/SocialGrid/index.ts","statementMap":{"0":{"start":{"line":1,"column":0},"end":{"line":1,"column":41}},"1":{"start":{"line":1,"column":9},"end":{"line":1,"column":19}}},"fnMap":{},"branchMap":{},"s":{"0":1,"1":1},"f":{},"b":{}}
,"/Users/sunya/Sites/aerian-site-rebuild/src/components/SocialLink/SocialLink.tsx": {"path":"/Users/sunya/Sites/aerian-site-rebuild/src/components/SocialLink/SocialLink.tsx","statementMap":{"0":{"start":{"line":1,"column":0},"end":{"line":1,"column":30}},"1":{"start":{"line":5,"column":0},"end":{"line":5,"column":64}},"2":{"start":{"line":7,"column":0},"end":{"line":7,"column":43}},"3":{"start":{"line":16,"column":13},"end":{"line":27,"column":2}},"4":{"start":{"line":22,"column":4},"end":{"line":26,"column":9}},"5":{"start":{"line":28,"column":0},"end":{"line":28,"column":26}}},"fnMap":{"0":{"name":"(anonymous_1)","decl":{"start":{"line":16,"column":44},"end":{"line":16,"column":45}},"loc":{"start":{"line":22,"column":4},"end":{"line":26,"column":9}}}},"branchMap":{},"s":{"0":2,"1":2,"2":2,"3":2,"4":4,"5":2},"f":{"0":4},"b":{}}
,"/Users/sunya/Sites/aerian-site-rebuild/src/components/SocialLink/index.ts": {"path":"/Users/sunya/Sites/aerian-site-rebuild/src/components/SocialLink/index.ts","statementMap":{"0":{"start":{"line":1,"column":0},"end":{"line":1,"column":41}},"1":{"start":{"line":1,"column":9},"end":{"line":1,"column":19}}},"fnMap":{},"branchMap":{},"s":{"0":2,"1":2},"f":{},"b":{}}
,"/Users/sunya/Sites/aerian-site-rebuild/src/components/SocialLinks/SocialLinks.tsx": {"path":"/Users/sunya/Sites/aerian-site-rebuild/src/components/SocialLinks/SocialLinks.tsx","statementMap":{"0":{"start":{"line":1,"column":0},"end":{"line":1,"column":30}},"1":{"start":{"line":3,"column":0},"end":{"line":3,"column":44}},"2":{"start":{"line":10,"column":13},"end":{"line":14,"column":2}},"3":{"start":{"line":11,"column":4},"end":{"line":13,"column":10}},"4":{"start":{"line":15,"column":0},"end":{"line":15,"column":27}}},"fnMap":{"0":{"name":"(anonymous_1)","decl":{"start":{"line":10,"column":45},"end":{"line":10,"column":46}},"loc":{"start":{"line":11,"column":4},"end":{"line":13,"column":10}}}},"branchMap":{},"s":{"0":1,"1":1,"2":1,"3":1,"4":1},"f":{"0":1},"b":{}}
,"/Users/sunya/Sites/aerian-site-rebuild/src/components/SocialLinks/index.ts": {"path":"/Users/sunya/Sites/aerian-site-rebuild/src/components/SocialLinks/index.ts","statementMap":{"0":{"start":{"line":1,"column":0},"end":{"line":1,"column":43}},"1":{"start":{"line":1,"column":9},"end":{"line":1,"column":20}}},"fnMap":{},"branchMap":{},"s":{"0":1,"1":1},"f":{},"b":{}}
,"/Users/sunya/Sites/aerian-site-rebuild/src/components/StaffDetail/StaffDetail.tsx": {"path":"/Users/sunya/Sites/aerian-site-rebuild/src/components/StaffDetail/StaffDetail.tsx","statementMap":{"0":{"start":{"line":1,"column":0},"end":{"line":1,"column":30}},"1":{"start":{"line":4,"column":0},"end":{"line":4,"column":32}},"2":{"start":{"line":5,"column":0},"end":{"line":5,"column":28}},"3":{"start":{"line":6,"column":0},"end":{"line":6,"column":44}},"4":{"start":{"line":14,"column":13},"end":{"line":34,"column":2}},"5":{"start":{"line":15,"column":4},"end":{"line":33,"column":10}},"6":{"start":{"line":27,"column":43},"end":{"line":27,"column":76}},"7":{"start":{"line":35,"column":0},"end":{"line":35,"column":27}}},"fnMap":{"0":{"name":"(anonymous_1)","decl":{"start":{"line":14,"column":45},"end":{"line":14,"column":46}},"loc":{"start":{"line":15,"column":4},"end":{"line":33,"column":10}}},"1":{"name":"(anonymous_2)","decl":{"start":{"line":27,"column":34},"end":{"line":27,"column":38}},"loc":{"start":{"line":27,"column":43},"end":{"line":27,"column":76}}}},"branchMap":{},"s":{"0":1,"1":1,"2":1,"3":1,"4":1,"5":1,"6":24,"7":1},"f":{"0":1,"1":24},"b":{}}
,"/Users/sunya/Sites/aerian-site-rebuild/src/components/StaffDetail/index.ts": {"path":"/Users/sunya/Sites/aerian-site-rebuild/src/components/StaffDetail/index.ts","statementMap":{"0":{"start":{"line":1,"column":0},"end":{"line":1,"column":43}},"1":{"start":{"line":1,"column":9},"end":{"line":1,"column":20}}},"fnMap":{},"branchMap":{},"s":{"0":1,"1":1},"f":{},"b":{}}
,"/Users/sunya/Sites/aerian-site-rebuild/src/components/StaffGridBlock/StaffGridBlock.tsx": {"path":"/Users/sunya/Sites/aerian-site-rebuild/src/components/StaffGridBlock/StaffGridBlock.tsx","statementMap":{"0":{"start":{"line":1,"column":0},"end":{"line":1,"column":30}},"1":{"start":{"line":4,"column":0},"end":{"line":4,"column":48}},"2":{"start":{"line":5,"column":0},"end":{"line":5,"column":47}},"3":{"start":{"line":13,"column":13},"end":{"line":23,"column":2}},"4":{"start":{"line":18,"column":4},"end":{"line":22,"column":10}},"5":{"start":{"line":20,"column":12},"end":{"line":20,"column":63}},"6":{"start":{"line":24,"column":0},"end":{"line":24,"column":30}}},"fnMap":{"0":{"name":"(anonymous_1)","decl":{"start":{"line":13,"column":48},"end":{"line":13,"column":49}},"loc":{"start":{"line":18,"column":4},"end":{"line":22,"column":10}}},"1":{"name":"(anonymous_2)","decl":{"start":{"line":19,"column":19},"end":{"line":19,"column":24}},"loc":{"start":{"line":20,"column":12},"end":{"line":20,"column":63}}}},"branchMap":{},"s":{"0":1,"1":1,"2":1,"3":1,"4":1,"5":33,"6":1},"f":{"0":1,"1":33},"b":{}}
,"/Users/sunya/Sites/aerian-site-rebuild/src/components/StaffGridBlock/index.ts": {"path":"/Users/sunya/Sites/aerian-site-rebuild/src/components/StaffGridBlock/index.ts","statementMap":{"0":{"start":{"line":1,"column":0},"end":{"line":1,"column":49}},"1":{"start":{"line":1,"column":9},"end":{"line":1,"column":23}}},"fnMap":{},"branchMap":{},"s":{"0":1,"1":1},"f":{},"b":{}}
,"/Users/sunya/Sites/aerian-site-rebuild/src/components/StaffGridItem/StaffGridItem.tsx": {"path":"/Users/sunya/Sites/aerian-site-rebuild/src/components/StaffGridItem/StaffGridItem.tsx","statementMap":{"0":{"start":{"line":1,"column":0},"end":{"line":1,"column":30}},"1":{"start":{"line":4,"column":0},"end":{"line":4,"column":46}},"2":{"start":{"line":12,"column":13},"end":{"line":20,"column":2}},"3":{"start":{"line":17,"column":4},"end":{"line":19,"column":10}},"4":{"start":{"line":21,"column":0},"end":{"line":21,"column":29}}},"fnMap":{"0":{"name":"(anonymous_1)","decl":{"start":{"line":12,"column":47},"end":{"line":12,"column":48}},"loc":{"start":{"line":17,"column":4},"end":{"line":19,"column":10}}}},"branchMap":{},"s":{"0":2,"1":2,"2":2,"3":34,"4":2},"f":{"0":34},"b":{}}
,"/Users/sunya/Sites/aerian-site-rebuild/src/components/StaffGridItem/index.ts": {"path":"/Users/sunya/Sites/aerian-site-rebuild/src/components/StaffGridItem/index.ts","statementMap":{"0":{"start":{"line":1,"column":0},"end":{"line":1,"column":47}},"1":{"start":{"line":1,"column":9},"end":{"line":1,"column":22}}},"fnMap":{},"branchMap":{},"s":{"0":2,"1":2},"f":{},"b":{}}
,"/Users/sunya/Sites/aerian-site-rebuild/src/components/SuccessStoryBlock/SuccessStoryBlock.tsx": {"path":"/Users/sunya/Sites/aerian-site-rebuild/src/components/SuccessStoryBlock/SuccessStoryBlock.tsx","statementMap":{"0":{"start":{"line":1,"column":0},"end":{"line":1,"column":30}},"1":{"start":{"line":4,"column":0},"end":{"line":4,"column":40}},"2":{"start":{"line":5,"column":0},"end":{"line":5,"column":32}},"3":{"start":{"line":6,"column":0},"end":{"line":6,"column":50}},"4":{"start":{"line":13,"column":13},"end":{"line":34,"column":2}},"5":{"start":{"line":18,"column":4},"end":{"line":33,"column":10}},"6":{"start":{"line":26,"column":20},"end":{"line":30,"column":26}},"7":{"start":{"line":35,"column":0},"end":{"line":35,"column":33}}},"fnMap":{"0":{"name":"(anonymous_1)","decl":{"start":{"line":13,"column":51},"end":{"line":13,"column":52}},"loc":{"start":{"line":18,"column":4},"end":{"line":33,"column":10}}},"1":{"name":"(anonymous_2)","decl":{"start":{"line":24,"column":39},"end":{"line":24,"column":42}},"loc":{"start":{"line":26,"column":20},"end":{"line":30,"column":26}}}},"branchMap":{"0":{"loc":{"start":{"line":23,"column":13},"end":{"line":23,"column":31}},"type":"binary-expr","locations":[{"start":{"line":23,"column":13},"end":{"line":23,"column":31}},{"start":{"line":24,"column":16},"end":{"line":31,"column":18}}]}},"s":{"0":2,"1":2,"2":2,"3":2,"4":2,"5":2,"6":8,"7":2},"f":{"0":2,"1":8},"b":{"0":[2,2]}}
,"/Users/sunya/Sites/aerian-site-rebuild/src/components/SuccessStoryBlock/index.ts": {"path":"/Users/sunya/Sites/aerian-site-rebuild/src/components/SuccessStoryBlock/index.ts","statementMap":{"0":{"start":{"line":1,"column":0},"end":{"line":1,"column":55}},"1":{"start":{"line":1,"column":9},"end":{"line":1,"column":26}}},"fnMap":{},"branchMap":{},"s":{"0":2,"1":2},"f":{},"b":{}}
,"/Users/sunya/Sites/aerian-site-rebuild/src/components/Tag/Tag.tsx": {"path":"/Users/sunya/Sites/aerian-site-rebuild/src/components/Tag/Tag.tsx","statementMap":{"0":{"start":{"line":1,"column":0},"end":{"line":1,"column":30}},"1":{"start":{"line":3,"column":0},"end":{"line":3,"column":36}},"2":{"start":{"line":11,"column":13},"end":{"line":15,"column":2}},"3":{"start":{"line":12,"column":4},"end":{"line":14,"column":9}},"4":{"start":{"line":16,"column":0},"end":{"line":16,"column":19}}},"fnMap":{"0":{"name":"(anonymous_1)","decl":{"start":{"line":11,"column":37},"end":{"line":11,"column":38}},"loc":{"start":{"line":12,"column":4},"end":{"line":14,"column":9}}}},"branchMap":{},"s":{"0":2,"1":2,"2":2,"3":25,"4":2},"f":{"0":25},"b":{}}
,"/Users/sunya/Sites/aerian-site-rebuild/src/components/Tag/index.ts": {"path":"/Users/sunya/Sites/aerian-site-rebuild/src/components/Tag/index.ts","statementMap":{"0":{"start":{"line":1,"column":0},"end":{"line":1,"column":27}},"1":{"start":{"line":1,"column":9},"end":{"line":1,"column":12}}},"fnMap":{},"branchMap":{},"s":{"0":2,"1":2},"f":{},"b":{}}
,"/Users/sunya/Sites/aerian-site-rebuild/src/lib/helpers.ts": {"path":"/Users/sunya/Sites/aerian-site-rebuild/src/lib/helpers.ts","statementMap":{"0":{"start":{"line":1,"column":0},"end":{"line":1,"column":30}},"1":{"start":{"line":10,"column":13},"end":{"line":15,"column":2}},"2":{"start":{"line":11,"column":4},"end":{"line":14,"column":6}},"3":{"start":{"line":17,"column":13},"end":{"line":19,"column":2}},"4":{"start":{"line":18,"column":4},"end":{"line":18,"column":44}},"5":{"start":{"line":21,"column":13},"end":{"line":25,"column":2}},"6":{"start":{"line":24,"column":4},"end":{"line":24,"column":37}},"7":{"start":{"line":27,"column":13},"end":{"line":46,"column":2}},"8":{"start":{"line":28,"column":4},"end":{"line":30,"column":5}},"9":{"start":{"line":29,"column":8},"end":{"line":29,"column":18}},"10":{"start":{"line":31,"column":4},"end":{"line":38,"column":5}},"11":{"start":{"line":32,"column":8},"end":{"line":34,"column":9}},"12":{"start":{"line":33,"column":12},"end":{"line":33,"column":50}},"13":{"start":{"line":35,"column":8},"end":{"line":37,"column":9}},"14":{"start":{"line":36,"column":12},"end":{"line":36,"column":50}},"15":{"start":{"line":39,"column":4},"end":{"line":41,"column":5}},"16":{"start":{"line":40,"column":8},"end":{"line":40,"column":30}},"17":{"start":{"line":42,"column":4},"end":{"line":44,"column":5}},"18":{"start":{"line":43,"column":8},"end":{"line":43,"column":20}},"19":{"start":{"line":45,"column":4},"end":{"line":45,"column":14}},"20":{"start":{"line":48,"column":13},"end":{"line":53,"column":2}},"21":{"start":{"line":49,"column":4},"end":{"line":51,"column":5}},"22":{"start":{"line":50,"column":8},"end":{"line":50,"column":19}},"23":{"start":{"line":52,"column":4},"end":{"line":52,"column":102}},"24":{"start":{"line":54,"column":13},"end":{"line":56,"column":2}},"25":{"start":{"line":55,"column":4},"end":{"line":55,"column":42}},"26":{"start":{"line":58,"column":13},"end":{"line":59,"column":42}},"27":{"start":{"line":59,"column":4},"end":{"line":59,"column":41}},"28":{"start":{"line":59,"column":31},"end":{"line":59,"column":40}}},"fnMap":{"0":{"name":"(anonymous_1)","decl":{"start":{"line":10,"column":28},"end":{"line":10,"column":29}},"loc":{"start":{"line":10,"column":70},"end":{"line":15,"column":1}}},"1":{"name":"(anonymous_2)","decl":{"start":{"line":17,"column":26},"end":{"line":17,"column":27}},"loc":{"start":{"line":17,"column":64},"end":{"line":19,"column":1}}},"2":{"name":"(anonymous_3)","decl":{"start":{"line":21,"column":33},"end":{"line":22,"column":4}},"loc":{"start":{"line":23,"column":30},"end":{"line":25,"column":1}}},"3":{"name":"(anonymous_4)","decl":{"start":{"line":27,"column":22},"end":{"line":27,"column":23}},"loc":{"start":{"line":27,"column":43},"end":{"line":46,"column":1}}},"4":{"name":"(anonymous_5)","decl":{"start":{"line":48,"column":29},"end":{"line":48,"column":30}},"loc":{"start":{"line":48,"column":45},"end":{"line":53,"column":1}}},"5":{"name":"(anonymous_6)","decl":{"start":{"line":54,"column":30},"end":{"line":54,"column":40}},"loc":{"start":{"line":54,"column":50},"end":{"line":56,"column":1}}},"6":{"name":"(anonymous_7)","decl":{"start":{"line":58,"column":28},"end":{"line":58,"column":32}},"loc":{"start":{"line":59,"column":4},"end":{"line":59,"column":41}}},"7":{"name":"(anonymous_8)","decl":{"start":{"line":59,"column":23},"end":{"line":59,"column":26}},"loc":{"start":{"line":59,"column":31},"end":{"line":59,"column":40}}}},"branchMap":{"0":{"loc":{"start":{"line":12,"column":8},"end":{"line":12,"column":47}},"type":"binary-expr","locations":[{"start":{"line":12,"column":8},"end":{"line":12,"column":47}},{"start":{"line":13,"column":8},"end":{"line":13,"column":47}}]},"1":{"loc":{"start":{"line":28,"column":4},"end":{"line":30,"column":5}},"type":"if","locations":[{"start":{"line":28,"column":4},"end":{"line":30,"column":5}},{"start":{"line":28,"column":4},"end":{"line":30,"column":5}}]},"2":{"loc":{"start":{"line":31,"column":4},"end":{"line":38,"column":5}},"type":"if","locations":[{"start":{"line":31,"column":4},"end":{"line":38,"column":5}},{"start":{"line":31,"column":4},"end":{"line":38,"column":5}}]},"3":{"loc":{"start":{"line":32,"column":8},"end":{"line":34,"column":9}},"type":"if","locations":[{"start":{"line":32,"column":8},"end":{"line":34,"column":9}},{"start":{"line":32,"column":8},"end":{"line":34,"column":9}}]},"4":{"loc":{"start":{"line":35,"column":8},"end":{"line":37,"column":9}},"type":"if","locations":[{"start":{"line":35,"column":8},"end":{"line":37,"column":9}},{"start":{"line":35,"column":8},"end":{"line":37,"column":9}}]},"5":{"loc":{"start":{"line":39,"column":4},"end":{"line":41,"column":5}},"type":"if","locations":[{"start":{"line":39,"column":4},"end":{"line":41,"column":5}},{"start":{"line":39,"column":4},"end":{"line":41,"column":5}}]},"6":{"loc":{"start":{"line":42,"column":4},"end":{"line":44,"column":5}},"type":"if","locations":[{"start":{"line":42,"column":4},"end":{"line":44,"column":5}},{"start":{"line":42,"column":4},"end":{"line":44,"column":5}}]},"7":{"loc":{"start":{"line":49,"column":4},"end":{"line":51,"column":5}},"type":"if","locations":[{"start":{"line":49,"column":4},"end":{"line":51,"column":5}},{"start":{"line":49,"column":4},"end":{"line":51,"column":5}}]},"8":{"loc":{"start":{"line":49,"column":8},"end":{"line":49,"column":31}},"type":"binary-expr","locations":[{"start":{"line":49,"column":8},"end":{"line":49,"column":31}},{"start":{"line":49,"column":35},"end":{"line":49,"column":66}}]}},"s":{"0":16,"1":16,"2":48,"3":16,"4":24,"5":16,"6":0,"7":16,"8":0,"9":0,"10":0,"11":0,"12":0,"13":0,"14":0,"15":0,"16":0,"17":0,"18":0,"19":0,"20":16,"21":15744,"22":13712,"23":2032,"24":16,"25":80,"26":16,"27":0,"28":0},"f":{"0":48,"1":24,"2":0,"3":0,"4":15744,"5":80,"6":0,"7":0},"b":{"0":[48,0],"1":[0,0],"2":[0,0],"3":[0,0],"4":[0,0],"5":[0,0],"6":[0,0],"7":[13712,2032],"8":[15744,14672]}}
,"/Users/sunya/Sites/aerian-site-rebuild/src/types/fixtures.ts": {"path":"/Users/sunya/Sites/aerian-site-rebuild/src/types/fixtures.ts","statementMap":{"0":{"start":{"line":16,"column":0},"end":{"line":16,"column":48}},"1":{"start":{"line":17,"column":0},"end":{"line":17,"column":55}},"2":{"start":{"line":18,"column":0},"end":{"line":18,"column":62}},"3":{"start":{"line":19,"column":0},"end":{"line":19,"column":86}},"4":{"start":{"line":20,"column":0},"end":{"line":20,"column":56}},"5":{"start":{"line":22,"column":0},"end":{"line":22,"column":47}},"6":{"start":{"line":24,"column":13},"end":{"line":24,"column":60}},"7":{"start":{"line":25,"column":13},"end":{"line":25,"column":57}},"8":{"start":{"line":26,"column":13},"end":{"line":26,"column":73}},"9":{"start":{"line":27,"column":13},"end":{"line":27,"column":54}},"10":{"start":{"line":28,"column":13},"end":{"line":28,"column":72}},"11":{"start":{"line":29,"column":13},"end":{"line":29,"column":46}},"12":{"start":{"line":30,"column":13},"end":{"line":30,"column":44}},"13":{"start":{"line":31,"column":13},"end":{"line":31,"column":33}},"14":{"start":{"line":32,"column":13},"end":{"line":32,"column":80}},"15":{"start":{"line":33,"column":13},"end":{"line":33,"column":43}},"16":{"start":{"line":34,"column":13},"end":{"line":34,"column":75}},"17":{"start":{"line":35,"column":13},"end":{"line":35,"column":68}},"18":{"start":{"line":36,"column":13},"end":{"line":36,"column":69}},"19":{"start":{"line":37,"column":13},"end":{"line":37,"column":91}},"20":{"start":{"line":38,"column":13},"end":{"line":41,"column":27}},"21":{"start":{"line":42,"column":13},"end":{"line":42,"column":50}},"22":{"start":{"line":43,"column":13},"end":{"line":43,"column":43}},"23":{"start":{"line":44,"column":13},"end":{"line":44,"column":39}},"24":{"start":{"line":45,"column":13},"end":{"line":45,"column":31}},"25":{"start":{"line":46,"column":13},"end":{"line":46,"column":63}},"26":{"start":{"line":47,"column":13},"end":{"line":47,"column":43}},"27":{"start":{"line":49,"column":13},"end":{"line":49,"column":57}},"28":{"start":{"line":50,"column":13},"end":{"line":61,"column":2}},"29":{"start":{"line":62,"column":13},"end":{"line":62,"column":49}}},"fnMap":{},"branchMap":{},"s":{"0":16,"1":16,"2":16,"3":16,"4":16,"5":16,"6":16,"7":16,"8":16,"9":16,"10":16,"11":16,"12":16,"13":16,"14":16,"15":16,"16":16,"17":16,"18":16,"19":16,"20":16,"21":16,"22":16,"23":16,"24":16,"25":16,"26":16,"27":16,"28":16,"29":16},"f":{},"b":{}}
}
