TN:
SF:/Users/sunya/Sites/aerian-site-rebuild/src/components/Block/Block.tsx
FN:10,(anonymous_1)
FNF:1
FNH:1
FNDA:4,(anonymous_1)
DA:1,2
DA:3,2
DA:10,2
DA:11,4
DA:15,2
LF:5
LH:5
BRF:0
BRH:0
end_of_record
TN:
SF:/Users/sunya/Sites/aerian-site-rebuild/src/components/Block/index.ts
FNF:0
FNH:0
DA:1,2
LF:1
LH:1
BRF:0
BRH:0
end_of_record
TN:
SF:/Users/sunya/Sites/aerian-site-rebuild/src/components/BlockHeader/BlockHeader.tsx
FN:12,(anonymous_1)
FNF:1
FNH:1
FNDA:2,(anonymous_1)
DA:1,2
DA:3,2
DA:12,2
DA:18,2
DA:23,2
LF:5
LH:5
BRF:0
BRH:0
end_of_record
TN:
SF:/Users/sunya/Sites/aerian-site-rebuild/src/components/BlockHeader/index.ts
FNF:0
FNH:0
DA:1,2
LF:1
LH:1
BRF:0
BRH:0
end_of_record
TN:
SF:/Users/sunya/Sites/aerian-site-rebuild/src/components/Card/Card.tsx
FN:14,(anonymous_1)
FN:19,(anonymous_2)
FN:21,(anonymous_3)
FNF:3
FNH:2
FNDA:2,(anonymous_1)
FNDA:0,(anonymous_2)
FNDA:2,(anonymous_3)
DA:1,2
DA:3,2
DA:14,2
DA:15,2
DA:19,2
DA:22,2
DA:36,2
LF:7
LH:7
BRDA:27,0,0,0
BRDA:27,0,1,2
BRF:2
BRH:1
end_of_record
TN:
SF:/Users/sunya/Sites/aerian-site-rebuild/src/components/Card/index.ts
FNF:0
FNH:0
DA:1,2
LF:1
LH:1
BRF:0
BRH:0
end_of_record
TN:
SF:/Users/sunya/Sites/aerian-site-rebuild/src/components/CaseStudyIntro/CaseStudyIntro.tsx
FN:12,(anonymous_2)
FNF:1
FNH:1
FNDA:1,(anonymous_2)
DA:1,1
DA:2,1
DA:4,1
DA:12,1
DA:17,1
DA:24,1
LF:6
LH:6
BRF:0
BRH:0
end_of_record
TN:
SF:/Users/sunya/Sites/aerian-site-rebuild/src/components/CaseStudyIntro/index.ts
FNF:0
FNH:0
DA:1,1
LF:1
LH:1
BRF:0
BRH:0
end_of_record
TN:
SF:/Users/sunya/Sites/aerian-site-rebuild/src/components/ClientGridBlock/ClientGridBlock.tsx
FN:13,(anonymous_1)
FN:19,(anonymous_2)
FNF:2
FNH:2
FNDA:1,(anonymous_1)
FNDA:1,(anonymous_2)
DA:1,1
DA:4,1
DA:5,1
DA:13,1
DA:18,1
DA:20,1
DA:24,1
LF:7
LH:7
BRF:0
BRH:0
end_of_record
TN:
SF:/Users/sunya/Sites/aerian-site-rebuild/src/components/ClientGridBlock/index.ts
FNF:0
FNH:0
DA:1,1
LF:1
LH:1
BRF:0
BRH:0
end_of_record
TN:
SF:/Users/sunya/Sites/aerian-site-rebuild/src/components/ClientGridItem/ClientGridItem.tsx
FN:13,(anonymous_1)
FNF:1
FNH:1
FNDA:2,(anonymous_1)
DA:1,2
DA:2,2
DA:4,2
DA:6,2
DA:13,2
DA:18,2
DA:28,2
LF:7
LH:7
BRDA:20,0,0,2
BRDA:20,0,1,0
BRF:2
BRH:1
end_of_record
TN:
SF:/Users/sunya/Sites/aerian-site-rebuild/src/components/ClientGridItem/index.ts
FNF:0
FNH:0
DA:1,2
LF:1
LH:1
BRF:0
BRH:0
end_of_record
TN:
SF:/Users/sunya/Sites/aerian-site-rebuild/src/components/ClientLogo/ClientLogo.tsx
FN:12,(anonymous_1)
FNF:1
FNH:1
FNDA:3,(anonymous_1)
DA:1,3
DA:3,3
DA:4,3
DA:12,3
DA:13,3
DA:17,3
LF:6
LH:6
BRF:0
BRH:0
end_of_record
TN:
SF:/Users/sunya/Sites/aerian-site-rebuild/src/components/ClientLogo/index.ts
FNF:0
FNH:0
DA:1,3
LF:1
LH:1
BRF:0
BRH:0
end_of_record
TN:
SF:/Users/sunya/Sites/aerian-site-rebuild/src/components/ContactDetails/ContactDetails.tsx
FN:15,(anonymous_1)
FNF:1
FNH:1
FNDA:1,(anonymous_1)
DA:1,1
DA:3,1
DA:15,1
DA:24,1
DA:67,1
LF:5
LH:5
BRDA:30,0,0,1
BRDA:30,0,1,1
BRDA:35,1,0,1
BRDA:35,1,1,0
BRDA:35,1,2,0
BRDA:35,1,3,0
BRDA:35,1,4,1
BRDA:42,2,0,1
BRDA:42,2,1,1
BRDA:47,3,0,1
BRDA:47,3,1,1
BRDA:52,4,0,1
BRDA:52,4,1,1
BRDA:57,5,0,1
BRDA:57,5,1,1
BRF:15
BRH:12
end_of_record
TN:
SF:/Users/sunya/Sites/aerian-site-rebuild/src/components/ContactDetails/index.ts
FNF:0
FNH:0
DA:1,1
LF:1
LH:1
BRF:0
BRH:0
end_of_record
TN:
SF:/Users/sunya/Sites/aerian-site-rebuild/src/components/ContactForm/ContactForm.tsx
FN:17,(anonymous_1)
FN:20,(anonymous_2)
FNF:2
FNH:2
FNDA:1,(anonymous_1)
FNDA:1,(anonymous_2)
DA:1,1
DA:3,1
DA:13,1
DA:17,1
DA:18,1
DA:21,1
DA:31,1
LF:7
LH:7
BRF:0
BRH:0
end_of_record
TN:
SF:/Users/sunya/Sites/aerian-site-rebuild/src/components/ContactForm/index.ts
FNF:0
FNH:0
DA:1,1
LF:1
LH:1
BRF:0
BRH:0
end_of_record
TN:
SF:/Users/sunya/Sites/aerian-site-rebuild/src/components/ContactInfo/ContactInfo.tsx
FN:11,(anonymous_1)
FNF:1
FNH:1
FNDA:1,(anonymous_1)
DA:1,1
DA:3,1
DA:11,1
DA:12,1
DA:16,1
LF:5
LH:5
BRF:0
BRH:0
end_of_record
TN:
SF:/Users/sunya/Sites/aerian-site-rebuild/src/components/ContactInfo/index.ts
FNF:0
FNH:0
DA:1,1
LF:1
LH:1
BRF:0
BRH:0
end_of_record
TN:
SF:/Users/sunya/Sites/aerian-site-rebuild/src/components/Gallery/Gallery.tsx
FN:13,(anonymous_1)
FN:15,(anonymous_2)
FNF:2
FNH:2
FNDA:1,(anonymous_1)
FNDA:4,(anonymous_2)
DA:1,1
DA:3,1
DA:4,1
DA:5,1
DA:13,1
DA:14,1
DA:16,4
DA:25,1
LF:8
LH:8
BRF:0
BRH:0
end_of_record
TN:
SF:/Users/sunya/Sites/aerian-site-rebuild/src/components/Gallery/index.ts
FNF:0
FNH:0
DA:1,1
LF:1
LH:1
BRF:0
BRH:0
end_of_record
TN:
SF:/Users/sunya/Sites/aerian-site-rebuild/src/components/GroupFour/GroupFour.tsx
FN:10,(anonymous_1)
FNF:1
FNH:1
FNDA:4,(anonymous_1)
DA:1,4
DA:3,4
DA:10,4
DA:11,4
DA:15,4
LF:5
LH:5
BRF:0
BRH:0
end_of_record
TN:
SF:/Users/sunya/Sites/aerian-site-rebuild/src/components/GroupFour/index.ts
FNF:0
FNH:0
DA:1,4
LF:1
LH:1
BRF:0
BRH:0
end_of_record
TN:
SF:/Users/sunya/Sites/aerian-site-rebuild/src/components/GroupThree/GroupThree.tsx
FN:10,(anonymous_1)
FNF:1
FNH:1
FNDA:3,(anonymous_1)
DA:1,3
DA:3,3
DA:10,3
DA:11,3
DA:15,3
LF:5
LH:5
BRF:0
BRH:0
end_of_record
TN:
SF:/Users/sunya/Sites/aerian-site-rebuild/src/components/GroupThree/index.ts
FNF:0
FNH:0
DA:1,3
LF:1
LH:1
BRF:0
BRH:0
end_of_record
TN:
SF:/Users/sunya/Sites/aerian-site-rebuild/src/components/HalfBlock/HalfBlock.tsx
FN:10,(anonymous_1)
FNF:1
FNH:1
FNDA:1,(anonymous_1)
DA:1,1
DA:3,1
DA:10,1
DA:11,1
DA:15,1
LF:5
LH:5
BRF:0
BRH:0
end_of_record
TN:
SF:/Users/sunya/Sites/aerian-site-rebuild/src/components/HalfBlock/index.ts
FNF:0
FNH:0
DA:1,1
LF:1
LH:1
BRF:0
BRH:0
end_of_record
TN:
SF:/Users/sunya/Sites/aerian-site-rebuild/src/components/HurdleBlock/HurdleBlock.tsx
FN:12,(anonymous_2)
FNF:1
FNH:1
FNDA:4,(anonymous_2)
DA:1,2
DA:2,2
DA:4,2
DA:5,2
DA:12,2
DA:13,4
DA:19,2
LF:7
LH:7
BRF:0
BRH:0
end_of_record
TN:
SF:/Users/sunya/Sites/aerian-site-rebuild/src/components/HurdleBlock/index.ts
FNF:0
FNH:0
DA:1,2
LF:1
LH:1
BRF:0
BRH:0
end_of_record
TN:
SF:/Users/sunya/Sites/aerian-site-rebuild/src/components/Image/Image.tsx
FN:15,(anonymous_3)
FN:24,(anonymous_4)
FNF:2
FNH:2
FNDA:24,(anonymous_3)
FNDA:24,(anonymous_4)
DA:1,11
DA:2,11
DA:3,11
DA:4,11
DA:6,11
DA:15,11
DA:16,24
DA:17,24
DA:24,24
DA:25,24
DA:26,0
DA:28,24
DA:29,0
DA:30,0
DA:31,0
DA:33,0
DA:34,0
DA:37,24
DA:39,24
DA:40,0
DA:41,0
DA:43,0
DA:45,24
DA:46,0
DA:48,24
DA:50,11
LF:26
LH:16
BRDA:25,0,0,0
BRDA:25,0,1,24
BRDA:28,1,0,0
BRDA:28,1,1,24
BRDA:28,2,0,24
BRDA:28,2,1,0
BRDA:30,3,0,0
BRDA:30,3,1,0
BRDA:33,4,0,0
BRDA:33,4,1,0
BRDA:39,5,0,0
BRDA:39,5,1,24
BRDA:39,6,0,24
BRDA:39,6,1,24
BRDA:40,7,0,0
BRDA:40,7,1,0
BRDA:45,8,0,0
BRDA:45,8,1,24
BRF:18
BRH:7
end_of_record
TN:
SF:/Users/sunya/Sites/aerian-site-rebuild/src/components/Image/index.ts
FNF:0
FNH:0
DA:1,11
LF:1
LH:1
BRF:0
BRH:0
end_of_record
TN:
SF:/Users/sunya/Sites/aerian-site-rebuild/src/components/MainNavigation/MainNavigation.tsx
FN:16,(anonymous_1)
FN:43,(anonymous_2)
FN:48,(anonymous_3)
FN:61,(anonymous_4)
FNF:4
FNH:4
FNDA:2,(anonymous_1)
FNDA:1,(anonymous_2)
FNDA:2,(anonymous_3)
FNDA:1,(anonymous_4)
DA:1,1
DA:2,1
DA:5,1
DA:16,1
DA:24,2
DA:43,1
DA:48,1
DA:49,2
DA:51,2
DA:61,1
DA:69,1
DA:71,1
DA:84,1
LF:13
LH:13
BRDA:25,0,0,2
BRDA:25,0,1,2
BRDA:79,1,0,1
BRDA:79,1,1,0
BRF:4
BRH:3
end_of_record
TN:
SF:/Users/sunya/Sites/aerian-site-rebuild/src/components/MainNavigation/index.ts
FNF:0
FNH:0
DA:1,1
LF:1
LH:1
BRF:0
BRH:0
end_of_record
TN:
SF:/Users/sunya/Sites/aerian-site-rebuild/src/components/OnwardJournies/OnwardJournies.tsx
FN:11,(anonymous_1)
FNF:1
FNH:1
FNDA:1,(anonymous_1)
DA:1,1
DA:2,1
DA:3,1
DA:11,1
DA:16,1
DA:27,1
LF:6
LH:6
BRF:0
BRH:0
end_of_record
TN:
SF:/Users/sunya/Sites/aerian-site-rebuild/src/components/OnwardJournies/index.ts
FNF:0
FNH:0
DA:1,1
LF:1
LH:1
BRF:0
BRH:0
end_of_record
TN:
SF:/Users/sunya/Sites/aerian-site-rebuild/src/components/PageFooter/PageFooter.tsx
FN:9,(anonymous_1)
FNF:1
FNH:1
FNDA:1,(anonymous_1)
DA:1,1
DA:3,1
DA:9,1
DA:14,1
DA:21,1
LF:5
LH:5
BRF:0
BRH:0
end_of_record
TN:
SF:/Users/sunya/Sites/aerian-site-rebuild/src/components/PageFooter/index.ts
FNF:0
FNH:0
DA:1,1
LF:1
LH:1
BRF:0
BRH:0
end_of_record
TN:
SF:/Users/sunya/Sites/aerian-site-rebuild/src/components/PageHeader/PageHeader.tsx
FN:12,(anonymous_1)
FNF:1
FNH:1
FNDA:1,(anonymous_1)
DA:1,1
DA:3,1
DA:10,1
DA:12,1
DA:17,1
LF:5
LH:5
BRDA:19,0,0,1
BRDA:19,0,1,1
BRF:2
BRH:2
end_of_record
TN:
SF:/Users/sunya/Sites/aerian-site-rebuild/src/components/PageHeader/index.ts
FNF:0
FNH:0
DA:1,1
LF:1
LH:1
BRF:0
BRH:0
end_of_record
TN:
SF:/Users/sunya/Sites/aerian-site-rebuild/src/components/PageSectionBlock/PageSectionBlock.tsx
FN:13,(anonymous_1)
FN:30,(anonymous_2)
FNF:2
FNH:2
FNDA:1,(anonymous_1)
FNDA:3,(anonymous_2)
DA:1,1
DA:4,1
DA:5,1
DA:6,1
DA:7,1
DA:13,1
DA:14,1
DA:31,3
DA:72,1
LF:9
LH:9
BRDA:16,0,0,0
BRDA:16,0,1,1
BRDA:17,1,0,1
BRDA:17,1,1,1
BRDA:17,1,2,1
BRDA:29,2,0,1
BRDA:29,2,1,1
BRDA:42,3,0,1
BRDA:42,3,1,1
BRDA:42,3,2,0
BRDA:50,4,0,1
BRDA:50,4,1,1
BRDA:57,5,0,1
BRDA:57,5,1,1
BRDA:65,6,0,1
BRDA:65,6,1,1
BRF:16
BRH:14
end_of_record
TN:
SF:/Users/sunya/Sites/aerian-site-rebuild/src/components/PageSectionBlock/index.ts
FNF:0
FNH:0
DA:1,1
LF:1
LH:1
BRF:0
BRH:0
end_of_record
TN:
SF:/Users/sunya/Sites/aerian-site-rebuild/src/components/PerformanceBlock/PerformanceBlock.tsx
FN:13,(anonymous_1)
FN:22,(anonymous_2)
FNF:2
FNH:2
FNDA:1,(anonymous_1)
FNDA:1,(anonymous_2)
DA:1,1
DA:4,1
DA:5,1
DA:13,1
DA:18,1
DA:23,1
DA:31,1
LF:7
LH:7
BRDA:18,0,0,0
BRDA:18,0,1,1
BRF:2
BRH:1
end_of_record
TN:
SF:/Users/sunya/Sites/aerian-site-rebuild/src/components/PerformanceBlock/index.ts
FNF:0
FNH:0
DA:1,1
LF:1
LH:1
BRF:0
BRH:0
end_of_record
TN:
SF:/Users/sunya/Sites/aerian-site-rebuild/src/components/ProjectStageBlock/ProjectStageBlock.tsx
FN:16,(anonymous_1)
FN:25,(anonymous_2)
FNF:2
FNH:2
FNDA:1,(anonymous_1)
FNDA:3,(anonymous_2)
DA:1,1
DA:4,1
DA:5,1
DA:6,1
DA:7,1
DA:16,1
DA:22,1
DA:26,3
DA:31,1
LF:9
LH:9
BRF:0
BRH:0
end_of_record
TN:
SF:/Users/sunya/Sites/aerian-site-rebuild/src/components/ProjectStageBlock/index.ts
FNF:0
FNH:0
DA:1,1
LF:1
LH:1
BRF:0
BRH:0
end_of_record
TN:
SF:/Users/sunya/Sites/aerian-site-rebuild/src/components/SectionNav/SectionNav.tsx
FN:14,(anonymous_1)
FN:23,(anonymous_2)
FN:31,(anonymous_3)
FN:34,(anonymous_4)
FN:38,(anonymous_5)
FN:85,(anonymous_6)
FNF:6
FNH:3
FNDA:0,(anonymous_1)
FNDA:0,(anonymous_2)
FNDA:1,(anonymous_3)
FNDA:0,(anonymous_4)
FNDA:1,(anonymous_5)
FNDA:1,(anonymous_6)
DA:1,1
DA:4,1
DA:14,1
DA:19,0
DA:24,0
DA:31,1
DA:34,1
DA:35,0
DA:38,1
DA:43,1
DA:44,1
DA:47,1
DA:48,0
DA:49,0
DA:51,0
DA:53,0
DA:54,0
DA:56,0
DA:58,0
DA:59,0
DA:61,0
DA:63,0
DA:64,0
DA:66,0
DA:68,0
DA:69,0
DA:71,0
DA:73,0
DA:74,0
DA:76,0
DA:78,0
DA:82,1
DA:85,1
DA:92,1
DA:96,1
LF:35
LH:13
BRDA:52,0,0,0
BRDA:52,0,1,0
BRDA:52,0,2,0
BRDA:52,0,3,0
BRDA:52,0,4,0
BRDA:52,0,5,0
BRDA:53,1,0,0
BRDA:53,1,1,0
BRDA:53,2,0,0
BRDA:53,2,1,0
BRDA:58,3,0,0
BRDA:58,3,1,0
BRDA:63,4,0,0
BRDA:63,4,1,0
BRDA:68,5,0,0
BRDA:68,5,1,0
BRDA:73,6,0,0
BRDA:73,6,1,0
BRF:18
BRH:0
end_of_record
TN:
SF:/Users/sunya/Sites/aerian-site-rebuild/src/components/SectionNav/index.ts
FNF:0
FNH:0
DA:1,1
LF:1
LH:1
BRF:0
BRH:0
end_of_record
TN:
SF:/Users/sunya/Sites/aerian-site-rebuild/src/components/ShowcaseCarousel/ShowcaseCarousel.tsx
FN:19,(anonymous_2)
FN:23,(anonymous_3)
FN:29,(anonymous_4)
FN:36,(anonymous_5)
FN:46,(anonymous_6)
FN:49,(anonymous_7)
FN:51,(anonymous_8)
FNF:7
FNH:4
FNDA:1,(anonymous_2)
FNDA:0,(anonymous_3)
FNDA:0,(anonymous_4)
FNDA:1,(anonymous_5)
FNDA:1,(anonymous_6)
FNDA:0,(anonymous_7)
FNDA:1,(anonymous_8)
DA:1,1
DA:2,1
DA:3,1
DA:4,1
DA:15,1
DA:19,1
DA:20,1
DA:21,1
DA:23,1
DA:24,0
DA:29,1
DA:30,0
DA:31,0
DA:32,0
DA:37,1
DA:47,1
DA:49,0
DA:51,1
DA:60,1
LF:19
LH:14
BRDA:31,0,0,0
BRDA:31,0,1,0
BRDA:42,1,0,1
BRDA:42,1,1,0
BRF:4
BRH:1
end_of_record
TN:
SF:/Users/sunya/Sites/aerian-site-rebuild/src/components/ShowcaseCarousel/index.ts
FNF:0
FNH:0
DA:1,1
LF:1
LH:1
BRF:0
BRH:0
end_of_record
TN:
SF:/Users/sunya/Sites/aerian-site-rebuild/src/components/SocialGrid/SocialGrid.tsx
FN:10,(anonymous_1)
FNF:1
FNH:1
FNDA:1,(anonymous_1)
DA:1,1
DA:3,1
DA:10,1
DA:11,1
DA:18,1
LF:5
LH:5
BRF:0
BRH:0
end_of_record
TN:
SF:/Users/sunya/Sites/aerian-site-rebuild/src/components/SocialGrid/index.ts
FNF:0
FNH:0
DA:1,1
LF:1
LH:1
BRF:0
BRH:0
end_of_record
TN:
SF:/Users/sunya/Sites/aerian-site-rebuild/src/components/SocialLink/SocialLink.tsx
FN:16,(anonymous_1)
FNF:1
FNH:1
FNDA:4,(anonymous_1)
DA:1,2
DA:5,2
DA:7,2
DA:16,2
DA:22,4
DA:28,2
LF:6
LH:6
BRF:0
BRH:0
end_of_record
TN:
SF:/Users/sunya/Sites/aerian-site-rebuild/src/components/SocialLink/index.ts
FNF:0
FNH:0
DA:1,2
LF:1
LH:1
BRF:0
BRH:0
end_of_record
TN:
SF:/Users/sunya/Sites/aerian-site-rebuild/src/components/SocialLinks/SocialLinks.tsx
FN:10,(anonymous_1)
FNF:1
FNH:1
FNDA:1,(anonymous_1)
DA:1,1
DA:3,1
DA:10,1
DA:11,1
DA:15,1
LF:5
LH:5
BRF:0
BRH:0
end_of_record
TN:
SF:/Users/sunya/Sites/aerian-site-rebuild/src/components/SocialLinks/index.ts
FNF:0
FNH:0
DA:1,1
LF:1
LH:1
BRF:0
BRH:0
end_of_record
TN:
SF:/Users/sunya/Sites/aerian-site-rebuild/src/components/StaffDetail/StaffDetail.tsx
FN:14,(anonymous_1)
FN:27,(anonymous_2)
FNF:2
FNH:2
FNDA:1,(anonymous_1)
FNDA:24,(anonymous_2)
DA:1,1
DA:4,1
DA:5,1
DA:6,1
DA:14,1
DA:15,1
DA:27,24
DA:35,1
LF:8
LH:8
BRF:0
BRH:0
end_of_record
TN:
SF:/Users/sunya/Sites/aerian-site-rebuild/src/components/StaffDetail/index.ts
FNF:0
FNH:0
DA:1,1
LF:1
LH:1
BRF:0
BRH:0
end_of_record
TN:
SF:/Users/sunya/Sites/aerian-site-rebuild/src/components/StaffGridBlock/StaffGridBlock.tsx
FN:13,(anonymous_1)
FN:19,(anonymous_2)
FNF:2
FNH:2
FNDA:1,(anonymous_1)
FNDA:33,(anonymous_2)
DA:1,1
DA:4,1
DA:5,1
DA:13,1
DA:18,1
DA:20,33
DA:24,1
LF:7
LH:7
BRF:0
BRH:0
end_of_record
TN:
SF:/Users/sunya/Sites/aerian-site-rebuild/src/components/StaffGridBlock/index.ts
FNF:0
FNH:0
DA:1,1
LF:1
LH:1
BRF:0
BRH:0
end_of_record
TN:
SF:/Users/sunya/Sites/aerian-site-rebuild/src/components/StaffGridItem/StaffGridItem.tsx
FN:12,(anonymous_1)
FNF:1
FNH:1
FNDA:34,(anonymous_1)
DA:1,2
DA:4,2
DA:12,2
DA:17,34
DA:21,2
LF:5
LH:5
BRF:0
BRH:0
end_of_record
TN:
SF:/Users/sunya/Sites/aerian-site-rebuild/src/components/StaffGridItem/index.ts
FNF:0
FNH:0
DA:1,2
LF:1
LH:1
BRF:0
BRH:0
end_of_record
TN:
SF:/Users/sunya/Sites/aerian-site-rebuild/src/components/SuccessStoryBlock/SuccessStoryBlock.tsx
FN:13,(anonymous_1)
FN:24,(anonymous_2)
FNF:2
FNH:2
FNDA:2,(anonymous_1)
FNDA:8,(anonymous_2)
DA:1,2
DA:4,2
DA:5,2
DA:6,2
DA:13,2
DA:18,2
DA:26,8
DA:35,2
LF:8
LH:8
BRDA:23,0,0,2
BRDA:23,0,1,2
BRF:2
BRH:2
end_of_record
TN:
SF:/Users/sunya/Sites/aerian-site-rebuild/src/components/SuccessStoryBlock/index.ts
FNF:0
FNH:0
DA:1,2
LF:1
LH:1
BRF:0
BRH:0
end_of_record
TN:
SF:/Users/sunya/Sites/aerian-site-rebuild/src/components/Tag/Tag.tsx
FN:11,(anonymous_1)
FNF:1
FNH:1
FNDA:25,(anonymous_1)
DA:1,2
DA:3,2
DA:11,2
DA:12,25
DA:16,2
LF:5
LH:5
BRF:0
BRH:0
end_of_record
TN:
SF:/Users/sunya/Sites/aerian-site-rebuild/src/components/Tag/index.ts
FNF:0
FNH:0
DA:1,2
LF:1
LH:1
BRF:0
BRH:0
end_of_record
TN:
SF:/Users/sunya/Sites/aerian-site-rebuild/src/lib/helpers.ts
FN:10,(anonymous_1)
FN:17,(anonymous_2)
FN:21,(anonymous_3)
FN:27,(anonymous_4)
FN:48,(anonymous_5)
FN:54,(anonymous_6)
FN:58,(anonymous_7)
FN:59,(anonymous_8)
FNF:8
FNH:4
FNDA:48,(anonymous_1)
FNDA:24,(anonymous_2)
FNDA:0,(anonymous_3)
FNDA:0,(anonymous_4)
FNDA:15744,(anonymous_5)
FNDA:80,(anonymous_6)
FNDA:0,(anonymous_7)
FNDA:0,(anonymous_8)
DA:1,16
DA:10,16
DA:11,48
DA:17,16
DA:18,24
DA:21,16
DA:24,0
DA:27,16
DA:28,0
DA:29,0
DA:31,0
DA:32,0
DA:33,0
DA:35,0
DA:36,0
DA:39,0
DA:40,0
DA:42,0
DA:43,0
DA:45,0
DA:48,16
DA:49,15744
DA:50,13712
DA:52,2032
DA:54,16
DA:55,80
DA:58,16
DA:59,0
LF:28
LH:14
BRDA:12,0,0,48
BRDA:12,0,1,0
BRDA:28,1,0,0
BRDA:28,1,1,0
BRDA:31,2,0,0
BRDA:31,2,1,0
BRDA:32,3,0,0
BRDA:32,3,1,0
BRDA:35,4,0,0
BRDA:35,4,1,0
BRDA:39,5,0,0
BRDA:39,5,1,0
BRDA:42,6,0,0
BRDA:42,6,1,0
BRDA:49,7,0,13712
BRDA:49,7,1,2032
BRDA:49,8,0,15744
BRDA:49,8,1,14672
BRF:18
BRH:5
end_of_record
TN:
SF:/Users/sunya/Sites/aerian-site-rebuild/src/types/fixtures.ts
FNF:0
FNH:0
DA:16,16
DA:17,16
DA:18,16
DA:19,16
DA:20,16
DA:22,16
DA:24,16
DA:25,16
DA:26,16
DA:27,16
DA:28,16
DA:29,16
DA:30,16
DA:31,16
DA:32,16
DA:33,16
DA:34,16
DA:35,16
DA:36,16
DA:37,16
DA:38,16
DA:42,16
DA:43,16
DA:44,16
DA:45,16
DA:46,16
DA:47,16
DA:49,16
DA:50,16
DA:62,16
LF:30
LH:30
BRF:0
BRH:0
end_of_record
